<html>
<head>
<title>TestNG:  Test</title>
<link href="../testng.css" rel="stylesheet" type="text/css" />
<link href="../my-testng.css" rel="stylesheet" type="text/css" />

<style type="text/css">
.log { display: none;} 
.stack-trace { display: none;} 
</style>
<script type="text/javascript">
<!--
function flip(e) {
  current = e.style.display;
  if (current == 'block') {
    e.style.display = 'none';
    return 0;
  }
  else {
    e.style.display = 'block';
    return 1;
  }
}

function toggleBox(szDivId, elem, msg1, msg2)
{
  var res = -1;  if (document.getElementById) {
    res = flip(document.getElementById(szDivId));
  }
  else if (document.all) {
    // this is the way old msie versions work
    res = flip(document.all[szDivId]);
  }
  if(elem) {
    if(res == 0) elem.innerHTML = msg1; else elem.innerHTML = msg2;
  }

}

function toggleAllBoxes() {
  if (document.getElementsByTagName) {
    d = document.getElementsByTagName('div');
    for (i = 0; i < d.length; i++) {
      if (d[i].className == 'log') {
        flip(d[i]);
      }
    }
  }
}

// -->
</script>

</head>
<body>
<h2 align='center'>Test</h2><table border='1' align="center">
<tr>
<td>Tests passed/Failed/Skipped:</td><td>33/5/5</td>
</tr><tr>
<td>Started on:</td><td>Wed Feb 28 12:20:07 IST 2024</td>
</tr>
<tr><td>Total time:</td><td>134 seconds (134730 ms)</td>
</tr><tr>
<td>Included groups:</td><td></td>
</tr><tr>
<td>Excluded groups:</td><td></td>
</tr>
</table><p/>
<small><i>(Hover the method name to see the test class name)</i></small><p/>
<table width='100%' border='1' class='invocation-failed'>
<tr><td colspan='4' align='center'><b>FAILED TESTS</b></td></tr>
<tr><td><b>Test method</b></td>
<td width="30%"><b>Exception</b></td>
<td width="10%"><b>Time (seconds)</b></td>
<td><b>Instance</b></td>
</tr>
<tr>
<td title='test_scenarios.BookshelvesTest.testExcludeOutOfStock()'><b>testExcludeOutOfStock</b><br>Test class: test_scenarios.BookshelvesTest</td>
<td><div><pre>org.openqa.selenium.ElementClickInterceptedException: element click intercepted: Element &lt;label class=&quot;name &quot; for=&quot;filters_availability_In_Stock_Only&quot;&gt;...&lt;/label&gt; is not clickable at point (776, 11). Other element would receive the click: &lt;div class=&quot;center&quot; style=&quot;text-align: center; color: #000;&quot;&gt;...&lt;/div&gt;
  (Session info: chrome=120.0.6099.130)
Build info: version: &apos;4.18.0&apos;, revision: &apos;b6bf9de7cc*&apos;
System info: os.name: &apos;Windows 11&apos;, os.arch: &apos;amd64&apos;, os.version: &apos;10.0&apos;, java.version: &apos;17.0.2&apos;
Driver info: org.openqa.selenium.chrome.ChromeDriver
Command: [a7402fa9f7d975aa2fc15cd4e56de90a, clickElement {id=BB0F5B2E7DF1041165266EBEA1ABF51B_element_124}]
Capabilities {acceptInsecureCerts: false, browserName: chrome, browserVersion: 120.0.6099.130, chrome: {chromedriverVersion: 120.0.6099.109 (3419140ab66..., userDataDir: C:\Windows\SystemTemp\scope...}, fedcm:accounts: true, goog:chromeOptions: {debuggerAddress: localhost:59717}, networkConnectionEnabled: false, pageLoadStrategy: normal, platformName: windows, proxy: Proxy(), se:cdp: ws://localhost:59717/devtoo..., se:cdpVersion: 120.0.6099.130, setWindowRect: true, strictFileInteractability: false, timeouts: {implicit: 0, pageLoad: 300000, script: 30000}, unhandledPromptBehavior: dismiss and notify, webauthn:extension:credBlob: true, webauthn:extension:largeBlob: true, webauthn:extension:minPinLength: true, webauthn:extension:prf: true, webauthn:virtualAuthenticators: true}
Element: [[ChromeDriver: chrome on windows (a7402fa9f7d975aa2fc15cd4e56de90a)] -&gt; xpath: //label[contains(text(), &apos;Exclude Out Of Stock&apos;)]]
Session ID: a7402fa9f7d975aa2fc15cd4e56de90a
	at org.openqa.selenium.remote.ErrorCodec.decode(ErrorCodec.java:167)
	at org.openqa.selenium.remote.codec.w3c.W3CHttpResponseCodec.decode(W3CHttpResponseCodec.java:138)
	at org.openqa.selenium.remote.codec.w3c.W3CHttpResponseCodec.decode(W3CHttpResponseCodec.java:50)
	at org.openqa.selenium.remote.HttpCommandExecutor.execute(HttpCommandExecutor.java:190)
	at org.openqa.selenium.remote.service.DriverCommandExecutor.invokeExecute(DriverCommandExecutor.java:216)
	at org.openqa.selenium.remote.service.DriverCommandExecutor.execute(DriverCommandExecutor.java:174)
	at org.openqa.selenium.remote.RemoteWebDriver.execute(RemoteWebDriver.java:519)
	at org.openqa.selenium.remote.RemoteWebElement.execute(RemoteWebElement.java:223)
	at org.openqa.selenium.remote.RemoteWebElement.click(RemoteWebElement.java:76)
	at page_objects.BookshelvesPage.excludeOutOfStock(BookshelvesPage.java:61)
	at test_scenarios.BookshelvesTest.testExcludeOutOfStock(BookshelvesTest.java:41)
	at java.base/java.util.ArrayList.forEach(ArrayList.java:1511)
... Removed 32 stack frames</pre></div><a href='#' onClick='toggleBox("stack-trace493057651", this, "Click to show all stack frames", "Click to hide stack frames")'>Click to show all stack frames</a>
<div class='stack-trace' id='stack-trace493057651'><pre>org.openqa.selenium.ElementClickInterceptedException: element click intercepted: Element &lt;label class=&quot;name &quot; for=&quot;filters_availability_In_Stock_Only&quot;&gt;...&lt;/label&gt; is not clickable at point (776, 11). Other element would receive the click: &lt;div class=&quot;center&quot; style=&quot;text-align: center; color: #000;&quot;&gt;...&lt;/div&gt;
  (Session info: chrome=120.0.6099.130)
Build info: version: &apos;4.18.0&apos;, revision: &apos;b6bf9de7cc*&apos;
System info: os.name: &apos;Windows 11&apos;, os.arch: &apos;amd64&apos;, os.version: &apos;10.0&apos;, java.version: &apos;17.0.2&apos;
Driver info: org.openqa.selenium.chrome.ChromeDriver
Command: [a7402fa9f7d975aa2fc15cd4e56de90a, clickElement {id=BB0F5B2E7DF1041165266EBEA1ABF51B_element_124}]
Capabilities {acceptInsecureCerts: false, browserName: chrome, browserVersion: 120.0.6099.130, chrome: {chromedriverVersion: 120.0.6099.109 (3419140ab66..., userDataDir: C:\Windows\SystemTemp\scope...}, fedcm:accounts: true, goog:chromeOptions: {debuggerAddress: localhost:59717}, networkConnectionEnabled: false, pageLoadStrategy: normal, platformName: windows, proxy: Proxy(), se:cdp: ws://localhost:59717/devtoo..., se:cdpVersion: 120.0.6099.130, setWindowRect: true, strictFileInteractability: false, timeouts: {implicit: 0, pageLoad: 300000, script: 30000}, unhandledPromptBehavior: dismiss and notify, webauthn:extension:credBlob: true, webauthn:extension:largeBlob: true, webauthn:extension:minPinLength: true, webauthn:extension:prf: true, webauthn:virtualAuthenticators: true}
Element: [[ChromeDriver: chrome on windows (a7402fa9f7d975aa2fc15cd4e56de90a)] -&gt; xpath: //label[contains(text(), &apos;Exclude Out Of Stock&apos;)]]
Session ID: a7402fa9f7d975aa2fc15cd4e56de90a
	at java.base/jdk.internal.reflect.NativeConstructorAccessorImpl.newInstance0(Native Method)
	at java.base/jdk.internal.reflect.NativeConstructorAccessorImpl.newInstance(NativeConstructorAccessorImpl.java:77)
	at java.base/jdk.internal.reflect.DelegatingConstructorAccessorImpl.newInstance(DelegatingConstructorAccessorImpl.java:45)
	at java.base/java.lang.reflect.Constructor.newInstanceWithCaller(Constructor.java:499)
	at java.base/java.lang.reflect.Constructor.newInstance(Constructor.java:480)
	at org.openqa.selenium.remote.ErrorCodec.decode(ErrorCodec.java:167)
	at org.openqa.selenium.remote.codec.w3c.W3CHttpResponseCodec.decode(W3CHttpResponseCodec.java:138)
	at org.openqa.selenium.remote.codec.w3c.W3CHttpResponseCodec.decode(W3CHttpResponseCodec.java:50)
	at org.openqa.selenium.remote.HttpCommandExecutor.execute(HttpCommandExecutor.java:190)
	at org.openqa.selenium.remote.service.DriverCommandExecutor.invokeExecute(DriverCommandExecutor.java:216)
	at org.openqa.selenium.remote.service.DriverCommandExecutor.execute(DriverCommandExecutor.java:174)
	at org.openqa.selenium.remote.RemoteWebDriver.execute(RemoteWebDriver.java:519)
	at org.openqa.selenium.remote.RemoteWebElement.execute(RemoteWebElement.java:223)
	at org.openqa.selenium.remote.RemoteWebElement.click(RemoteWebElement.java:76)
	at page_objects.BookshelvesPage.excludeOutOfStock(BookshelvesPage.java:61)
	at test_scenarios.BookshelvesTest.testExcludeOutOfStock(BookshelvesTest.java:41)
	at java.base/jdk.internal.reflect.NativeMethodAccessorImpl.invoke0(Native Method)
	at java.base/jdk.internal.reflect.NativeMethodAccessorImpl.invoke(NativeMethodAccessorImpl.java:77)
	at java.base/jdk.internal.reflect.DelegatingMethodAccessorImpl.invoke(DelegatingMethodAccessorImpl.java:43)
	at java.base/java.lang.reflect.Method.invoke(Method.java:568)
	at org.testng.internal.MethodInvocationHelper.invokeMethod(MethodInvocationHelper.java:133)
	at org.testng.internal.TestInvoker.invokeMethod(TestInvoker.java:598)
	at org.testng.internal.TestInvoker.retryFailed(TestInvoker.java:213)
	at org.testng.internal.MethodRunner.runInSequence(MethodRunner.java:58)
	at org.testng.internal.TestInvoker$MethodInvocationAgent.invoke(TestInvoker.java:824)
	at org.testng.internal.TestInvoker.invokeTestMethods(TestInvoker.java:146)
	at org.testng.internal.TestMethodWorker.invokeTestMethods(TestMethodWorker.java:146)
	at org.testng.internal.TestMethodWorker.run(TestMethodWorker.java:128)
	at java.base/java.util.ArrayList.forEach(ArrayList.java:1511)
	at org.testng.TestRunner.privateRun(TestRunner.java:794)
	at org.testng.TestRunner.run(TestRunner.java:596)
	at org.testng.SuiteRunner.runTest(SuiteRunner.java:377)
	at org.testng.SuiteRunner.runSequentially(SuiteRunner.java:371)
	at org.testng.SuiteRunner.privateRun(SuiteRunner.java:332)
	at org.testng.SuiteRunner.run(SuiteRunner.java:276)
	at org.testng.SuiteRunnerWorker.runSuite(SuiteRunnerWorker.java:53)
	at org.testng.SuiteRunnerWorker.run(SuiteRunnerWorker.java:96)
	at org.testng.TestNG.runSuitesSequentially(TestNG.java:1212)
	at org.testng.TestNG.runSuitesLocally(TestNG.java:1134)
	at org.testng.TestNG.runSuites(TestNG.java:1063)
	at org.testng.TestNG.run(TestNG.java:1031)
	at org.testng.remote.AbstractRemoteTestNG.run(AbstractRemoteTestNG.java:115)
	at org.testng.remote.RemoteTestNG.initAndRun(RemoteTestNG.java:251)
	at org.testng.remote.RemoteTestNG.main(RemoteTestNG.java:77)
</pre></div></td>
<td>1</td>
<td>test_scenarios.BookshelvesTest@2ef3eef9</td></tr>
<tr>
<td title='test_scenarios.GiftCardTests.positiveCustomerAndRecipientTest()'><b>positiveCustomerAndRecipientTest</b><br>Test class: test_scenarios.GiftCardTests<br>Parameters: Jane Mason, jane.mason@example.com, 7033333067, somewhere, over the rainbows, customer should be able to order a gift card with valid details, Jane Mason, jane.mason@example.com, 7033333067, customer should be able to order a gift card with valid details</td>
<td><div><pre>java.lang.AssertionError: customer should be able to order a gift card with valid details and somewhere, over the rainbows expected [true] but found [false]
	at test_scenarios.GiftCardTests.positiveCustomerAndRecipientTest(GiftCardTests.java:317)
	at java.base/java.util.ArrayList.forEach(ArrayList.java:1511)
... Removed 30 stack frames</pre></div><a href='#' onClick='toggleBox("stack-trace2062667890", this, "Click to show all stack frames", "Click to hide stack frames")'>Click to show all stack frames</a>
<div class='stack-trace' id='stack-trace2062667890'><pre>java.lang.AssertionError: customer should be able to order a gift card with valid details and somewhere, over the rainbows expected [true] but found [false]
	at org.testng.Assert.fail(Assert.java:99)
	at org.testng.Assert.failNotEquals(Assert.java:1037)
	at org.testng.Assert.assertTrue(Assert.java:45)
	at test_scenarios.GiftCardTests.positiveCustomerAndRecipientTest(GiftCardTests.java:317)
	at java.base/jdk.internal.reflect.NativeMethodAccessorImpl.invoke0(Native Method)
	at java.base/jdk.internal.reflect.NativeMethodAccessorImpl.invoke(NativeMethodAccessorImpl.java:77)
	at java.base/jdk.internal.reflect.DelegatingMethodAccessorImpl.invoke(DelegatingMethodAccessorImpl.java:43)
	at java.base/java.lang.reflect.Method.invoke(Method.java:568)
	at org.testng.internal.MethodInvocationHelper.invokeMethod(MethodInvocationHelper.java:133)
	at org.testng.internal.TestInvoker.invokeMethod(TestInvoker.java:598)
	at org.testng.internal.TestInvoker.invokeTestMethod(TestInvoker.java:173)
	at org.testng.internal.MethodRunner.runInSequence(MethodRunner.java:46)
	at org.testng.internal.TestInvoker$MethodInvocationAgent.invoke(TestInvoker.java:824)
	at org.testng.internal.TestInvoker.invokeTestMethods(TestInvoker.java:146)
	at org.testng.internal.TestMethodWorker.invokeTestMethods(TestMethodWorker.java:146)
	at org.testng.internal.TestMethodWorker.run(TestMethodWorker.java:128)
	at java.base/java.util.ArrayList.forEach(ArrayList.java:1511)
	at org.testng.TestRunner.privateRun(TestRunner.java:794)
	at org.testng.TestRunner.run(TestRunner.java:596)
	at org.testng.SuiteRunner.runTest(SuiteRunner.java:377)
	at org.testng.SuiteRunner.runSequentially(SuiteRunner.java:371)
	at org.testng.SuiteRunner.privateRun(SuiteRunner.java:332)
	at org.testng.SuiteRunner.run(SuiteRunner.java:276)
	at org.testng.SuiteRunnerWorker.runSuite(SuiteRunnerWorker.java:53)
	at org.testng.SuiteRunnerWorker.run(SuiteRunnerWorker.java:96)
	at org.testng.TestNG.runSuitesSequentially(TestNG.java:1212)
	at org.testng.TestNG.runSuitesLocally(TestNG.java:1134)
	at org.testng.TestNG.runSuites(TestNG.java:1063)
	at org.testng.TestNG.run(TestNG.java:1031)
	at org.testng.remote.AbstractRemoteTestNG.run(AbstractRemoteTestNG.java:115)
	at org.testng.remote.RemoteTestNG.initAndRun(RemoteTestNG.java:251)
	at org.testng.remote.RemoteTestNG.main(RemoteTestNG.java:77)
</pre></div></td>
<td>2</td>
<td>test_scenarios.GiftCardTests@50eac852</td></tr>
<tr>
<td title='test_scenarios.GiftCardTests.negativeCustomerAndRecipientTest()'><b>negativeCustomerAndRecipientTest</b><br>Test class: test_scenarios.GiftCardTests<br>Parameters: Jane Mason, jane.mason@example.com, 7033333067, customer should be able to order a gift card with valid details, John Doe, john.doe@example, 9999999999, somewhere, over the rainbows, customer should only be able to fill valid emails of type john.doe@example.com</td>
<td><div><pre>java.lang.AssertionError: customer should only be able to fill valid emails of type john.doe@example.com and customer should be able to order a gift card with valid details expected [false] but found [true]
	at test_scenarios.GiftCardTests.negativeCustomerAndRecipientTest(GiftCardTests.java:377)
	at java.base/java.util.ArrayList.forEach(ArrayList.java:1511)
... Removed 30 stack frames</pre></div><a href='#' onClick='toggleBox("stack-trace146605930", this, "Click to show all stack frames", "Click to hide stack frames")'>Click to show all stack frames</a>
<div class='stack-trace' id='stack-trace146605930'><pre>java.lang.AssertionError: customer should only be able to fill valid emails of type john.doe@example.com and customer should be able to order a gift card with valid details expected [false] but found [true]
	at org.testng.Assert.fail(Assert.java:99)
	at org.testng.Assert.failNotEquals(Assert.java:1037)
	at org.testng.Assert.assertFalse(Assert.java:67)
	at test_scenarios.GiftCardTests.negativeCustomerAndRecipientTest(GiftCardTests.java:377)
	at java.base/jdk.internal.reflect.NativeMethodAccessorImpl.invoke0(Native Method)
	at java.base/jdk.internal.reflect.NativeMethodAccessorImpl.invoke(NativeMethodAccessorImpl.java:77)
	at java.base/jdk.internal.reflect.DelegatingMethodAccessorImpl.invoke(DelegatingMethodAccessorImpl.java:43)
	at java.base/java.lang.reflect.Method.invoke(Method.java:568)
	at org.testng.internal.MethodInvocationHelper.invokeMethod(MethodInvocationHelper.java:133)
	at org.testng.internal.TestInvoker.invokeMethod(TestInvoker.java:598)
	at org.testng.internal.TestInvoker.invokeTestMethod(TestInvoker.java:173)
	at org.testng.internal.MethodRunner.runInSequence(MethodRunner.java:46)
	at org.testng.internal.TestInvoker$MethodInvocationAgent.invoke(TestInvoker.java:824)
	at org.testng.internal.TestInvoker.invokeTestMethods(TestInvoker.java:146)
	at org.testng.internal.TestMethodWorker.invokeTestMethods(TestMethodWorker.java:146)
	at org.testng.internal.TestMethodWorker.run(TestMethodWorker.java:128)
	at java.base/java.util.ArrayList.forEach(ArrayList.java:1511)
	at org.testng.TestRunner.privateRun(TestRunner.java:794)
	at org.testng.TestRunner.run(TestRunner.java:596)
	at org.testng.SuiteRunner.runTest(SuiteRunner.java:377)
	at org.testng.SuiteRunner.runSequentially(SuiteRunner.java:371)
	at org.testng.SuiteRunner.privateRun(SuiteRunner.java:332)
	at org.testng.SuiteRunner.run(SuiteRunner.java:276)
	at org.testng.SuiteRunnerWorker.runSuite(SuiteRunnerWorker.java:53)
	at org.testng.SuiteRunnerWorker.run(SuiteRunnerWorker.java:96)
	at org.testng.TestNG.runSuitesSequentially(TestNG.java:1212)
	at org.testng.TestNG.runSuitesLocally(TestNG.java:1134)
	at org.testng.TestNG.runSuites(TestNG.java:1063)
	at org.testng.TestNG.run(TestNG.java:1031)
	at org.testng.remote.AbstractRemoteTestNG.run(AbstractRemoteTestNG.java:115)
	at org.testng.remote.RemoteTestNG.initAndRun(RemoteTestNG.java:251)
	at org.testng.remote.RemoteTestNG.main(RemoteTestNG.java:77)
</pre></div></td>
<td>2</td>
<td>test_scenarios.GiftCardTests@50eac852</td></tr>
<tr>
<td title='test_scenarios.GiftCardTests.positiveCustomerAndRecipientTest()'><b>positiveCustomerAndRecipientTest</b><br>Test class: test_scenarios.GiftCardTests<br>Parameters: Jane Mason, jane.mason@example.com, 7033333067, somewhere, over the rainbows, customer should be able to order a gift card with valid details, John Doe, john.doe@example.com, 9999999999, customer should be able to order a gift card with valid details</td>
<td><div><pre>java.lang.AssertionError: customer should be able to order a gift card with valid details and somewhere, over the rainbows expected [true] but found [false]
	at test_scenarios.GiftCardTests.positiveCustomerAndRecipientTest(GiftCardTests.java:317)
	at java.base/java.util.ArrayList.forEach(ArrayList.java:1511)
... Removed 30 stack frames</pre></div><a href='#' onClick='toggleBox("stack-trace659906939", this, "Click to show all stack frames", "Click to hide stack frames")'>Click to show all stack frames</a>
<div class='stack-trace' id='stack-trace659906939'><pre>java.lang.AssertionError: customer should be able to order a gift card with valid details and somewhere, over the rainbows expected [true] but found [false]
	at org.testng.Assert.fail(Assert.java:99)
	at org.testng.Assert.failNotEquals(Assert.java:1037)
	at org.testng.Assert.assertTrue(Assert.java:45)
	at test_scenarios.GiftCardTests.positiveCustomerAndRecipientTest(GiftCardTests.java:317)
	at java.base/jdk.internal.reflect.NativeMethodAccessorImpl.invoke0(Native Method)
	at java.base/jdk.internal.reflect.NativeMethodAccessorImpl.invoke(NativeMethodAccessorImpl.java:77)
	at java.base/jdk.internal.reflect.DelegatingMethodAccessorImpl.invoke(DelegatingMethodAccessorImpl.java:43)
	at java.base/java.lang.reflect.Method.invoke(Method.java:568)
	at org.testng.internal.MethodInvocationHelper.invokeMethod(MethodInvocationHelper.java:133)
	at org.testng.internal.TestInvoker.invokeMethod(TestInvoker.java:598)
	at org.testng.internal.TestInvoker.invokeTestMethod(TestInvoker.java:173)
	at org.testng.internal.MethodRunner.runInSequence(MethodRunner.java:46)
	at org.testng.internal.TestInvoker$MethodInvocationAgent.invoke(TestInvoker.java:824)
	at org.testng.internal.TestInvoker.invokeTestMethods(TestInvoker.java:146)
	at org.testng.internal.TestMethodWorker.invokeTestMethods(TestMethodWorker.java:146)
	at org.testng.internal.TestMethodWorker.run(TestMethodWorker.java:128)
	at java.base/java.util.ArrayList.forEach(ArrayList.java:1511)
	at org.testng.TestRunner.privateRun(TestRunner.java:794)
	at org.testng.TestRunner.run(TestRunner.java:596)
	at org.testng.SuiteRunner.runTest(SuiteRunner.java:377)
	at org.testng.SuiteRunner.runSequentially(SuiteRunner.java:371)
	at org.testng.SuiteRunner.privateRun(SuiteRunner.java:332)
	at org.testng.SuiteRunner.run(SuiteRunner.java:276)
	at org.testng.SuiteRunnerWorker.runSuite(SuiteRunnerWorker.java:53)
	at org.testng.SuiteRunnerWorker.run(SuiteRunnerWorker.java:96)
	at org.testng.TestNG.runSuitesSequentially(TestNG.java:1212)
	at org.testng.TestNG.runSuitesLocally(TestNG.java:1134)
	at org.testng.TestNG.runSuites(TestNG.java:1063)
	at org.testng.TestNG.run(TestNG.java:1031)
	at org.testng.remote.AbstractRemoteTestNG.run(AbstractRemoteTestNG.java:115)
	at org.testng.remote.RemoteTestNG.initAndRun(RemoteTestNG.java:251)
	at org.testng.remote.RemoteTestNG.main(RemoteTestNG.java:77)
</pre></div></td>
<td>2</td>
<td>test_scenarios.GiftCardTests@50eac852</td></tr>
<tr>
<td title='test_scenarios.GiftCardTests.negativeCustomerAndRecipientTest()'><b>negativeCustomerAndRecipientTest</b><br>Test class: test_scenarios.GiftCardTests<br>Parameters: Jane Mason, jane.mason@example.com, 7033333067, customer should be able to order a gift card with valid details, 123, 123@example.com, 9999999999, somewhere, over the rainbows, customer should not be able to fill in a number as a name</td>
<td><div><pre>java.lang.AssertionError: customer should not be able to fill in a number as a name and customer should be able to order a gift card with valid details expected [false] but found [true]
	at test_scenarios.GiftCardTests.negativeCustomerAndRecipientTest(GiftCardTests.java:377)
	at java.base/java.util.ArrayList.forEach(ArrayList.java:1511)
... Removed 30 stack frames</pre></div><a href='#' onClick='toggleBox("stack-trace2020935882", this, "Click to show all stack frames", "Click to hide stack frames")'>Click to show all stack frames</a>
<div class='stack-trace' id='stack-trace2020935882'><pre>java.lang.AssertionError: customer should not be able to fill in a number as a name and customer should be able to order a gift card with valid details expected [false] but found [true]
	at org.testng.Assert.fail(Assert.java:99)
	at org.testng.Assert.failNotEquals(Assert.java:1037)
	at org.testng.Assert.assertFalse(Assert.java:67)
	at test_scenarios.GiftCardTests.negativeCustomerAndRecipientTest(GiftCardTests.java:377)
	at java.base/jdk.internal.reflect.NativeMethodAccessorImpl.invoke0(Native Method)
	at java.base/jdk.internal.reflect.NativeMethodAccessorImpl.invoke(NativeMethodAccessorImpl.java:77)
	at java.base/jdk.internal.reflect.DelegatingMethodAccessorImpl.invoke(DelegatingMethodAccessorImpl.java:43)
	at java.base/java.lang.reflect.Method.invoke(Method.java:568)
	at org.testng.internal.MethodInvocationHelper.invokeMethod(MethodInvocationHelper.java:133)
	at org.testng.internal.TestInvoker.invokeMethod(TestInvoker.java:598)
	at org.testng.internal.TestInvoker.invokeTestMethod(TestInvoker.java:173)
	at org.testng.internal.MethodRunner.runInSequence(MethodRunner.java:46)
	at org.testng.internal.TestInvoker$MethodInvocationAgent.invoke(TestInvoker.java:824)
	at org.testng.internal.TestInvoker.invokeTestMethods(TestInvoker.java:146)
	at org.testng.internal.TestMethodWorker.invokeTestMethods(TestMethodWorker.java:146)
	at org.testng.internal.TestMethodWorker.run(TestMethodWorker.java:128)
	at java.base/java.util.ArrayList.forEach(ArrayList.java:1511)
	at org.testng.TestRunner.privateRun(TestRunner.java:794)
	at org.testng.TestRunner.run(TestRunner.java:596)
	at org.testng.SuiteRunner.runTest(SuiteRunner.java:377)
	at org.testng.SuiteRunner.runSequentially(SuiteRunner.java:371)
	at org.testng.SuiteRunner.privateRun(SuiteRunner.java:332)
	at org.testng.SuiteRunner.run(SuiteRunner.java:276)
	at org.testng.SuiteRunnerWorker.runSuite(SuiteRunnerWorker.java:53)
	at org.testng.SuiteRunnerWorker.run(SuiteRunnerWorker.java:96)
	at org.testng.TestNG.runSuitesSequentially(TestNG.java:1212)
	at org.testng.TestNG.runSuitesLocally(TestNG.java:1134)
	at org.testng.TestNG.runSuites(TestNG.java:1063)
	at org.testng.TestNG.run(TestNG.java:1031)
	at org.testng.remote.AbstractRemoteTestNG.run(AbstractRemoteTestNG.java:115)
	at org.testng.remote.RemoteTestNG.initAndRun(RemoteTestNG.java:251)
	at org.testng.remote.RemoteTestNG.main(RemoteTestNG.java:77)
</pre></div></td>
<td>2</td>
<td>test_scenarios.GiftCardTests@50eac852</td></tr>
</table><p>
<table width='100%' border='1' class='invocation-passed'>
<tr><td colspan='4' align='center'><b>PASSED TESTS</b></td></tr>
<tr><td><b>Test method</b></td>
<td width="30%"><b>Exception</b></td>
<td width="10%"><b>Time (seconds)</b></td>
<td><b>Instance</b></td>
</tr>
<tr>
<td title='test_scenarios.GiftCardTests.negativeDateTest()'><b>negativeDateTest</b><br>Test class: test_scenarios.GiftCardTests<br>Parameters: 2024-02-27</td>
<td></td>
<td>0</td>
<td>test_scenarios.GiftCardTests@50eac852</td></tr>
<tr>
<td title='test_scenarios.GiftCardTests.positiveZipCodeTest()'><b>positiveZipCodeTest</b><br>Test class: test_scenarios.GiftCardTests<br>Parameters: 560001</td>
<td></td>
<td>2</td>
<td>test_scenarios.GiftCardTests@50eac852</td></tr>
<tr>
<td title='test_scenarios.GiftCardTests.negativeButtonAmountTest()'><b>negativeButtonAmountTest</b><br>Test class: test_scenarios.GiftCardTests<br>Parameters: 3, there should be no more than 3 amount options buttons</td>
<td></td>
<td>0</td>
<td>test_scenarios.GiftCardTests@50eac852</td></tr>
<tr>
<td title='test_scenarios.HomePageTest.subMenuItemEmpty()'><b>subMenuItemEmpty</b><br>Test class: test_scenarios.HomePageTest</td>
<td></td>
<td>0</td>
<td>test_scenarios.HomePageTest@3c407114</td></tr>
<tr>
<td title='test_scenarios.GiftCardTests.negativeCustomerAndRecipientTest()'><b>negativeCustomerAndRecipientTest</b><br>Test class: test_scenarios.GiftCardTests<br>Parameters: Jane Mason, jane.mason@example.com, 7033333067, customer should be able to order a gift card with valid details, John Doe, john.doe@example.com, 1234567890, somewhere, over the rainbows, customer should only be able to fill valid phone numbers with 10 digits</td>
<td></td>
<td>2</td>
<td>test_scenarios.GiftCardTests@50eac852</td></tr>
<tr>
<td title='test_scenarios.BookshelvesTest.testStorageType()'><b>testStorageType</b><br>Test class: test_scenarios.BookshelvesTest</td>
<td></td>
<td>2</td>
<td>test_scenarios.BookshelvesTest@2ef3eef9</td></tr>
<tr>
<td title='test_scenarios.GiftCardTests.negativeDateTest()'><b>negativeDateTest</b><br>Test class: test_scenarios.GiftCardTests<br>Parameters: 2024-05-01</td>
<td></td>
<td>0</td>
<td>test_scenarios.GiftCardTests@50eac852</td></tr>
<tr>
<td title='test_scenarios.GiftCardTests.positiveAmounTest()'><b>positiveAmounTest</b><br>Test class: test_scenarios.GiftCardTests<br>Parameters: 499999, valid amount in range [1000, 500000]</td>
<td></td>
<td>0</td>
<td>test_scenarios.GiftCardTests@50eac852</td></tr>
<tr>
<td title='test_scenarios.GiftCardTests.negativeCustomerAndRecipientTest()'><b>negativeCustomerAndRecipientTest</b><br>Test class: test_scenarios.GiftCardTests<br>Parameters: Jane Mason, jane.mason@example.com, 7033333067, somewhere, over the rainbows, customer should be able to order a gift card with valid details, John Doe, john.doe@example, 9999999999, customer should only be able to fill valid emails of type john.doe@example.com</td>
<td></td>
<td>2</td>
<td>test_scenarios.GiftCardTests@50eac852</td></tr>
<tr>
<td title='test_scenarios.GiftCardTests.positiveZipCodeTest()'><b>positiveZipCodeTest</b><br>Test class: test_scenarios.GiftCardTests<br>Parameters: 110001</td>
<td></td>
<td>2</td>
<td>test_scenarios.GiftCardTests@50eac852</td></tr>
<tr>
<td title='test_scenarios.GiftCardTests.positiveCustomerAndRecipientTest()'><b>positiveCustomerAndRecipientTest</b><br>Test class: test_scenarios.GiftCardTests<br>Parameters: Jane Mason, jane.mason@example.com, 7033333067, customer should be able to order a gift card with valid details, John Doe, john.doe@example.com, 9999999999, somewhere, over the rainbows, customer should be able to order a gift card with valid details</td>
<td></td>
<td>2</td>
<td>test_scenarios.GiftCardTests@50eac852</td></tr>
<tr>
<td title='test_scenarios.GiftCardTests.negativeAmountTest()'><b>negativeAmountTest</b><br>Test class: test_scenarios.GiftCardTests<br>Parameters: 999, valid amount in range [1000, 500000]</td>
<td></td>
<td>0</td>
<td>test_scenarios.GiftCardTests@50eac852</td></tr>
<tr>
<td title='test_scenarios.GiftCardTests.positiveButtonAmountTest()'><b>positiveButtonAmountTest</b><br>Test class: test_scenarios.GiftCardTests<br>Parameters: 2, the user should be able to order with all three amount option buttons</td>
<td></td>
<td>0</td>
<td>test_scenarios.GiftCardTests@50eac852</td></tr>
<tr>
<td title='test_scenarios.GiftCardTests.positiveCustomerAndRecipientTest()'><b>positiveCustomerAndRecipientTest</b><br>Test class: test_scenarios.GiftCardTests<br>Parameters: Jane Mason, jane.mason@example.com, 7033333067, customer should be able to order a gift card with valid details, Jane Mason, jane.mason@example.com, 7033333067, somewhere, over the rainbows, customer should be able to order a gift card with valid details</td>
<td></td>
<td>2</td>
<td>test_scenarios.GiftCardTests@50eac852</td></tr>
<tr>
<td title='test_scenarios.GiftCardTests.negativeCustomerAndRecipientTest()'><b>negativeCustomerAndRecipientTest</b><br>Test class: test_scenarios.GiftCardTests<br>Parameters: Jane Mason, jane.mason@example.com, 7033333067, somewhere, over the rainbows, customer should be able to order a gift card with valid details, John Doe, email, 9999999999, customer should only be able to fill valid emails of type john.doe@example.com</td>
<td></td>
<td>2</td>
<td>test_scenarios.GiftCardTests@50eac852</td></tr>
<tr>
<td title='test_scenarios.GiftCardTests.negativeCustomerAndRecipientTest()'><b>negativeCustomerAndRecipientTest</b><br>Test class: test_scenarios.GiftCardTests<br>Parameters: Jane Mason, jane.mason@example.com, 7033333067, customer should be able to order a gift card with valid details, John Doe, john.doe@example.com, 9999, somewhere, over the rainbows, customer should only be able to fill valid phone numbers with 10 digits</td>
<td></td>
<td>2</td>
<td>test_scenarios.GiftCardTests@50eac852</td></tr>
<tr>
<td title='test_scenarios.GiftCardTests.positiveAmounTest()'><b>positiveAmounTest</b><br>Test class: test_scenarios.GiftCardTests<br>Parameters: 1000, valid amount in range [1000, 500000]</td>
<td></td>
<td>0</td>
<td>test_scenarios.GiftCardTests@50eac852</td></tr>
<tr>
<td title='test_scenarios.GiftCardTests.negativeCustomerAndRecipientTest()'><b>negativeCustomerAndRecipientTest</b><br>Test class: test_scenarios.GiftCardTests<br>Parameters: Jane Mason, jane.mason@example.com, 7033333067, somewhere, over the rainbows, customer should be able to order a gift card with valid details, 123, 123@example.com, 9999999999, customer should not be able to fill in a number as a name</td>
<td></td>
<td>2</td>
<td>test_scenarios.GiftCardTests@50eac852</td></tr>
<tr>
<td title='test_scenarios.GiftCardTests.negativeCustomerAndRecipientTest()'><b>negativeCustomerAndRecipientTest</b><br>Test class: test_scenarios.GiftCardTests<br>Parameters: Jane Mason, jane.mason@example.com, 7033333067, customer should be able to order a gift card with valid details, John Doe, email, 9999999999, somewhere, over the rainbows, customer should only be able to fill valid emails of type john.doe@example.com</td>
<td></td>
<td>1</td>
<td>test_scenarios.GiftCardTests@50eac852</td></tr>
<tr>
<td title='test_scenarios.GiftCardTests.negativeCustomerAndRecipientTest()'><b>negativeCustomerAndRecipientTest</b><br>Test class: test_scenarios.GiftCardTests<br>Parameters: Jane Mason, jane.mason@example.com, 7033333067, somewhere, over the rainbows, customer should be able to order a gift card with valid details, John Doe, john.doe@example.com, 1234567890, customer should only be able to fill valid phone numbers with 10 digits</td>
<td></td>
<td>2</td>
<td>test_scenarios.GiftCardTests@50eac852</td></tr>
<tr>
<td title='test_scenarios.GiftCardTests.positiveDateTest()'><b>positiveDateTest</b><br>Test class: test_scenarios.GiftCardTests<br>Parameters: 2024-04-29</td>
<td></td>
<td>0</td>
<td>test_scenarios.GiftCardTests@50eac852</td></tr>
<tr>
<td title='test_scenarios.GiftCardTests.positiveZipCodeTest()'><b>positiveZipCodeTest</b><br>Test class: test_scenarios.GiftCardTests<br>Parameters: 500001</td>
<td></td>
<td>2</td>
<td>test_scenarios.GiftCardTests@50eac852</td></tr>
<tr>
<td title='test_scenarios.HomePageTest.subMenuCount()'><b>subMenuCount</b><br>Test class: test_scenarios.HomePageTest</td>
<td></td>
<td>8</td>
<td>test_scenarios.HomePageTest@3c407114</td></tr>
<tr>
<td title='test_scenarios.BookshelvesTest.testPriceRange()'><b>testPriceRange</b><br>Test class: test_scenarios.BookshelvesTest</td>
<td></td>
<td>2</td>
<td>test_scenarios.BookshelvesTest@2ef3eef9</td></tr>
<tr>
<td title='test_scenarios.GiftCardTests.positiveButtonAmountTest()'><b>positiveButtonAmountTest</b><br>Test class: test_scenarios.GiftCardTests<br>Parameters: 0, the user should be able to order with all three amount option buttons</td>
<td></td>
<td>0</td>
<td>test_scenarios.GiftCardTests@50eac852</td></tr>
<tr>
<td title='test_scenarios.GiftCardTests.positiveDateTest()'><b>positiveDateTest</b><br>Test class: test_scenarios.GiftCardTests<br>Parameters: 2024-02-29</td>
<td></td>
<td>0</td>
<td>test_scenarios.GiftCardTests@50eac852</td></tr>
<tr>
<td title='test_scenarios.GiftCardTests.positiveDateTest()'><b>positiveDateTest</b><br>Test class: test_scenarios.GiftCardTests<br>Parameters: 2024-04-30</td>
<td></td>
<td>0</td>
<td>test_scenarios.GiftCardTests@50eac852</td></tr>
<tr>
<td title='test_scenarios.GiftCardTests.positiveZipCodeTest()'><b>positiveZipCodeTest</b><br>Test class: test_scenarios.GiftCardTests<br>Parameters: 700001</td>
<td></td>
<td>2</td>
<td>test_scenarios.GiftCardTests@50eac852</td></tr>
<tr>
<td title='test_scenarios.GiftCardTests.positiveZipCodeTest()'><b>positiveZipCodeTest</b><br>Test class: test_scenarios.GiftCardTests<br>Parameters: 400001</td>
<td></td>
<td>2</td>
<td>test_scenarios.GiftCardTests@50eac852</td></tr>
<tr>
<td title='test_scenarios.GiftCardTests.positiveAmounTest()'><b>positiveAmounTest</b><br>Test class: test_scenarios.GiftCardTests<br>Parameters: 1001, valid amount in range [1000, 500000]</td>
<td></td>
<td>0</td>
<td>test_scenarios.GiftCardTests@50eac852</td></tr>
<tr>
<td title='test_scenarios.GiftCardTests.positiveAmounTest()'><b>positiveAmounTest</b><br>Test class: test_scenarios.GiftCardTests<br>Parameters: 500000, valid amount in range [1000, 500000]</td>
<td></td>
<td>0</td>
<td>test_scenarios.GiftCardTests@50eac852</td></tr>
<tr>
<td title='test_scenarios.GiftCardTests.positiveDateTest()'><b>positiveDateTest</b><br>Test class: test_scenarios.GiftCardTests<br>Parameters: 2024-02-28</td>
<td></td>
<td>0</td>
<td>test_scenarios.GiftCardTests@50eac852</td></tr>
<tr>
<td title='test_scenarios.GiftCardTests.positiveButtonAmountTest()'><b>positiveButtonAmountTest</b><br>Test class: test_scenarios.GiftCardTests<br>Parameters: 1, the user should be able to order with all three amount option buttons</td>
<td></td>
<td>0</td>
<td>test_scenarios.GiftCardTests@50eac852</td></tr>
</table><p>
<table width='100%' border='1' class='invocation-skipped'>
<tr><td colspan='4' align='center'><b>SKIPPED TESTS</b></td></tr>
<tr><td><b>Test method</b></td>
<td width="30%"><b>Exception</b></td>
<td width="10%"><b>Time (seconds)</b></td>
<td><b>Instance</b></td>
</tr>
<tr>
<td title='test_scenarios.BookshelvesTest.testExcludeOutOfStock()'><b>testExcludeOutOfStock</b><br>Test class: test_scenarios.BookshelvesTest</td>
<td><div><pre>org.openqa.selenium.ElementClickInterceptedException: element click intercepted: Element &lt;label class=&quot;name &quot; for=&quot;filters_availability_In_Stock_Only&quot;&gt;...&lt;/label&gt; is not clickable at point (776, 11). Other element would receive the click: &lt;div class=&quot;center&quot; style=&quot;text-align: center; color: #000;&quot;&gt;...&lt;/div&gt;
  (Session info: chrome=120.0.6099.130)
Build info: version: &apos;4.18.0&apos;, revision: &apos;b6bf9de7cc*&apos;
System info: os.name: &apos;Windows 11&apos;, os.arch: &apos;amd64&apos;, os.version: &apos;10.0&apos;, java.version: &apos;17.0.2&apos;
Driver info: org.openqa.selenium.chrome.ChromeDriver
Command: [a7402fa9f7d975aa2fc15cd4e56de90a, clickElement {id=BB0F5B2E7DF1041165266EBEA1ABF51B_element_124}]
Capabilities {acceptInsecureCerts: false, browserName: chrome, browserVersion: 120.0.6099.130, chrome: {chromedriverVersion: 120.0.6099.109 (3419140ab66..., userDataDir: C:\Windows\SystemTemp\scope...}, fedcm:accounts: true, goog:chromeOptions: {debuggerAddress: localhost:59717}, networkConnectionEnabled: false, pageLoadStrategy: normal, platformName: windows, proxy: Proxy(), se:cdp: ws://localhost:59717/devtoo..., se:cdpVersion: 120.0.6099.130, setWindowRect: true, strictFileInteractability: false, timeouts: {implicit: 0, pageLoad: 300000, script: 30000}, unhandledPromptBehavior: dismiss and notify, webauthn:extension:credBlob: true, webauthn:extension:largeBlob: true, webauthn:extension:minPinLength: true, webauthn:extension:prf: true, webauthn:virtualAuthenticators: true}
Element: [[ChromeDriver: chrome on windows (a7402fa9f7d975aa2fc15cd4e56de90a)] -&gt; xpath: //label[contains(text(), &apos;Exclude Out Of Stock&apos;)]]
Session ID: a7402fa9f7d975aa2fc15cd4e56de90a
	at org.openqa.selenium.remote.ErrorCodec.decode(ErrorCodec.java:167)
	at org.openqa.selenium.remote.codec.w3c.W3CHttpResponseCodec.decode(W3CHttpResponseCodec.java:138)
	at org.openqa.selenium.remote.codec.w3c.W3CHttpResponseCodec.decode(W3CHttpResponseCodec.java:50)
	at org.openqa.selenium.remote.HttpCommandExecutor.execute(HttpCommandExecutor.java:190)
	at org.openqa.selenium.remote.service.DriverCommandExecutor.invokeExecute(DriverCommandExecutor.java:216)
	at org.openqa.selenium.remote.service.DriverCommandExecutor.execute(DriverCommandExecutor.java:174)
	at org.openqa.selenium.remote.RemoteWebDriver.execute(RemoteWebDriver.java:519)
	at org.openqa.selenium.remote.RemoteWebElement.execute(RemoteWebElement.java:223)
	at org.openqa.selenium.remote.RemoteWebElement.click(RemoteWebElement.java:76)
	at page_objects.BookshelvesPage.excludeOutOfStock(BookshelvesPage.java:61)
	at test_scenarios.BookshelvesTest.testExcludeOutOfStock(BookshelvesTest.java:41)
	at java.base/java.util.ArrayList.forEach(ArrayList.java:1511)
... Removed 32 stack frames</pre></div><a href='#' onClick='toggleBox("stack-trace1204383532", this, "Click to show all stack frames", "Click to hide stack frames")'>Click to show all stack frames</a>
<div class='stack-trace' id='stack-trace1204383532'><pre>org.openqa.selenium.ElementClickInterceptedException: element click intercepted: Element &lt;label class=&quot;name &quot; for=&quot;filters_availability_In_Stock_Only&quot;&gt;...&lt;/label&gt; is not clickable at point (776, 11). Other element would receive the click: &lt;div class=&quot;center&quot; style=&quot;text-align: center; color: #000;&quot;&gt;...&lt;/div&gt;
  (Session info: chrome=120.0.6099.130)
Build info: version: &apos;4.18.0&apos;, revision: &apos;b6bf9de7cc*&apos;
System info: os.name: &apos;Windows 11&apos;, os.arch: &apos;amd64&apos;, os.version: &apos;10.0&apos;, java.version: &apos;17.0.2&apos;
Driver info: org.openqa.selenium.chrome.ChromeDriver
Command: [a7402fa9f7d975aa2fc15cd4e56de90a, clickElement {id=BB0F5B2E7DF1041165266EBEA1ABF51B_element_124}]
Capabilities {acceptInsecureCerts: false, browserName: chrome, browserVersion: 120.0.6099.130, chrome: {chromedriverVersion: 120.0.6099.109 (3419140ab66..., userDataDir: C:\Windows\SystemTemp\scope...}, fedcm:accounts: true, goog:chromeOptions: {debuggerAddress: localhost:59717}, networkConnectionEnabled: false, pageLoadStrategy: normal, platformName: windows, proxy: Proxy(), se:cdp: ws://localhost:59717/devtoo..., se:cdpVersion: 120.0.6099.130, setWindowRect: true, strictFileInteractability: false, timeouts: {implicit: 0, pageLoad: 300000, script: 30000}, unhandledPromptBehavior: dismiss and notify, webauthn:extension:credBlob: true, webauthn:extension:largeBlob: true, webauthn:extension:minPinLength: true, webauthn:extension:prf: true, webauthn:virtualAuthenticators: true}
Element: [[ChromeDriver: chrome on windows (a7402fa9f7d975aa2fc15cd4e56de90a)] -&gt; xpath: //label[contains(text(), &apos;Exclude Out Of Stock&apos;)]]
Session ID: a7402fa9f7d975aa2fc15cd4e56de90a
	at java.base/jdk.internal.reflect.NativeConstructorAccessorImpl.newInstance0(Native Method)
	at java.base/jdk.internal.reflect.NativeConstructorAccessorImpl.newInstance(NativeConstructorAccessorImpl.java:77)
	at java.base/jdk.internal.reflect.DelegatingConstructorAccessorImpl.newInstance(DelegatingConstructorAccessorImpl.java:45)
	at java.base/java.lang.reflect.Constructor.newInstanceWithCaller(Constructor.java:499)
	at java.base/java.lang.reflect.Constructor.newInstance(Constructor.java:480)
	at org.openqa.selenium.remote.ErrorCodec.decode(ErrorCodec.java:167)
	at org.openqa.selenium.remote.codec.w3c.W3CHttpResponseCodec.decode(W3CHttpResponseCodec.java:138)
	at org.openqa.selenium.remote.codec.w3c.W3CHttpResponseCodec.decode(W3CHttpResponseCodec.java:50)
	at org.openqa.selenium.remote.HttpCommandExecutor.execute(HttpCommandExecutor.java:190)
	at org.openqa.selenium.remote.service.DriverCommandExecutor.invokeExecute(DriverCommandExecutor.java:216)
	at org.openqa.selenium.remote.service.DriverCommandExecutor.execute(DriverCommandExecutor.java:174)
	at org.openqa.selenium.remote.RemoteWebDriver.execute(RemoteWebDriver.java:519)
	at org.openqa.selenium.remote.RemoteWebElement.execute(RemoteWebElement.java:223)
	at org.openqa.selenium.remote.RemoteWebElement.click(RemoteWebElement.java:76)
	at page_objects.BookshelvesPage.excludeOutOfStock(BookshelvesPage.java:61)
	at test_scenarios.BookshelvesTest.testExcludeOutOfStock(BookshelvesTest.java:41)
	at java.base/jdk.internal.reflect.NativeMethodAccessorImpl.invoke0(Native Method)
	at java.base/jdk.internal.reflect.NativeMethodAccessorImpl.invoke(NativeMethodAccessorImpl.java:77)
	at java.base/jdk.internal.reflect.DelegatingMethodAccessorImpl.invoke(DelegatingMethodAccessorImpl.java:43)
	at java.base/java.lang.reflect.Method.invoke(Method.java:568)
	at org.testng.internal.MethodInvocationHelper.invokeMethod(MethodInvocationHelper.java:133)
	at org.testng.internal.TestInvoker.invokeMethod(TestInvoker.java:598)
	at org.testng.internal.TestInvoker.retryFailed(TestInvoker.java:213)
	at org.testng.internal.MethodRunner.runInSequence(MethodRunner.java:58)
	at org.testng.internal.TestInvoker$MethodInvocationAgent.invoke(TestInvoker.java:824)
	at org.testng.internal.TestInvoker.invokeTestMethods(TestInvoker.java:146)
	at org.testng.internal.TestMethodWorker.invokeTestMethods(TestMethodWorker.java:146)
	at org.testng.internal.TestMethodWorker.run(TestMethodWorker.java:128)
	at java.base/java.util.ArrayList.forEach(ArrayList.java:1511)
	at org.testng.TestRunner.privateRun(TestRunner.java:794)
	at org.testng.TestRunner.run(TestRunner.java:596)
	at org.testng.SuiteRunner.runTest(SuiteRunner.java:377)
	at org.testng.SuiteRunner.runSequentially(SuiteRunner.java:371)
	at org.testng.SuiteRunner.privateRun(SuiteRunner.java:332)
	at org.testng.SuiteRunner.run(SuiteRunner.java:276)
	at org.testng.SuiteRunnerWorker.runSuite(SuiteRunnerWorker.java:53)
	at org.testng.SuiteRunnerWorker.run(SuiteRunnerWorker.java:96)
	at org.testng.TestNG.runSuitesSequentially(TestNG.java:1212)
	at org.testng.TestNG.runSuitesLocally(TestNG.java:1134)
	at org.testng.TestNG.runSuites(TestNG.java:1063)
	at org.testng.TestNG.run(TestNG.java:1031)
	at org.testng.remote.AbstractRemoteTestNG.run(AbstractRemoteTestNG.java:115)
	at org.testng.remote.RemoteTestNG.initAndRun(RemoteTestNG.java:251)
	at org.testng.remote.RemoteTestNG.main(RemoteTestNG.java:77)
</pre></div></td>
<td>1</td>
<td>test_scenarios.BookshelvesTest@2ef3eef9</td></tr>
<tr>
<td title='test_scenarios.BookshelvesTest.testStorageType()'><b>testStorageType</b><br>Test class: test_scenarios.BookshelvesTest</td>
<td><div><pre>org.openqa.selenium.ElementClickInterceptedException: element click intercepted: Element &lt;div class=&quot;gname&quot;&gt;...&lt;/div&gt; is not clickable at point (149, 3). Other element would receive the click: &lt;div class=&quot;optionsdata line clearfix&quot;&gt;...&lt;/div&gt;
  (Session info: chrome=120.0.6099.130)
Build info: version: &apos;4.18.0&apos;, revision: &apos;b6bf9de7cc*&apos;
System info: os.name: &apos;Windows 11&apos;, os.arch: &apos;amd64&apos;, os.version: &apos;10.0&apos;, java.version: &apos;17.0.2&apos;
Driver info: org.openqa.selenium.chrome.ChromeDriver
Command: [a7402fa9f7d975aa2fc15cd4e56de90a, clickElement {id=BB0F5B2E7DF1041165266EBEA1ABF51B_element_88}]
Capabilities {acceptInsecureCerts: false, browserName: chrome, browserVersion: 120.0.6099.130, chrome: {chromedriverVersion: 120.0.6099.109 (3419140ab66..., userDataDir: C:\Windows\SystemTemp\scope...}, fedcm:accounts: true, goog:chromeOptions: {debuggerAddress: localhost:59717}, networkConnectionEnabled: false, pageLoadStrategy: normal, platformName: windows, proxy: Proxy(), se:cdp: ws://localhost:59717/devtoo..., se:cdpVersion: 120.0.6099.130, setWindowRect: true, strictFileInteractability: false, timeouts: {implicit: 0, pageLoad: 300000, script: 30000}, unhandledPromptBehavior: dismiss and notify, webauthn:extension:credBlob: true, webauthn:extension:largeBlob: true, webauthn:extension:minPinLength: true, webauthn:extension:prf: true, webauthn:virtualAuthenticators: true}
Element: [[ChromeDriver: chrome on windows (a7402fa9f7d975aa2fc15cd4e56de90a)] -&gt; xpath: //ul/li/div[contains(text(), &apos;Storage Type&apos;)]]
Session ID: a7402fa9f7d975aa2fc15cd4e56de90a
	at org.openqa.selenium.remote.ErrorCodec.decode(ErrorCodec.java:167)
	at org.openqa.selenium.remote.codec.w3c.W3CHttpResponseCodec.decode(W3CHttpResponseCodec.java:138)
	at org.openqa.selenium.remote.codec.w3c.W3CHttpResponseCodec.decode(W3CHttpResponseCodec.java:50)
	at org.openqa.selenium.remote.HttpCommandExecutor.execute(HttpCommandExecutor.java:190)
	at org.openqa.selenium.remote.service.DriverCommandExecutor.invokeExecute(DriverCommandExecutor.java:216)
	at org.openqa.selenium.remote.service.DriverCommandExecutor.execute(DriverCommandExecutor.java:174)
	at org.openqa.selenium.remote.RemoteWebDriver.execute(RemoteWebDriver.java:519)
	at org.openqa.selenium.remote.RemoteWebElement.execute(RemoteWebElement.java:223)
	at org.openqa.selenium.remote.RemoteWebElement.click(RemoteWebElement.java:76)
	at page_objects.BookshelvesPage.setStorageType(BookshelvesPage.java:53)
	at test_scenarios.BookshelvesTest.testStorageType(BookshelvesTest.java:34)
	at java.base/java.util.ArrayList.forEach(ArrayList.java:1511)
... Removed 32 stack frames</pre></div><a href='#' onClick='toggleBox("stack-trace2049602706", this, "Click to show all stack frames", "Click to hide stack frames")'>Click to show all stack frames</a>
<div class='stack-trace' id='stack-trace2049602706'><pre>org.openqa.selenium.ElementClickInterceptedException: element click intercepted: Element &lt;div class=&quot;gname&quot;&gt;...&lt;/div&gt; is not clickable at point (149, 3). Other element would receive the click: &lt;div class=&quot;optionsdata line clearfix&quot;&gt;...&lt;/div&gt;
  (Session info: chrome=120.0.6099.130)
Build info: version: &apos;4.18.0&apos;, revision: &apos;b6bf9de7cc*&apos;
System info: os.name: &apos;Windows 11&apos;, os.arch: &apos;amd64&apos;, os.version: &apos;10.0&apos;, java.version: &apos;17.0.2&apos;
Driver info: org.openqa.selenium.chrome.ChromeDriver
Command: [a7402fa9f7d975aa2fc15cd4e56de90a, clickElement {id=BB0F5B2E7DF1041165266EBEA1ABF51B_element_88}]
Capabilities {acceptInsecureCerts: false, browserName: chrome, browserVersion: 120.0.6099.130, chrome: {chromedriverVersion: 120.0.6099.109 (3419140ab66..., userDataDir: C:\Windows\SystemTemp\scope...}, fedcm:accounts: true, goog:chromeOptions: {debuggerAddress: localhost:59717}, networkConnectionEnabled: false, pageLoadStrategy: normal, platformName: windows, proxy: Proxy(), se:cdp: ws://localhost:59717/devtoo..., se:cdpVersion: 120.0.6099.130, setWindowRect: true, strictFileInteractability: false, timeouts: {implicit: 0, pageLoad: 300000, script: 30000}, unhandledPromptBehavior: dismiss and notify, webauthn:extension:credBlob: true, webauthn:extension:largeBlob: true, webauthn:extension:minPinLength: true, webauthn:extension:prf: true, webauthn:virtualAuthenticators: true}
Element: [[ChromeDriver: chrome on windows (a7402fa9f7d975aa2fc15cd4e56de90a)] -&gt; xpath: //ul/li/div[contains(text(), &apos;Storage Type&apos;)]]
Session ID: a7402fa9f7d975aa2fc15cd4e56de90a
	at java.base/jdk.internal.reflect.NativeConstructorAccessorImpl.newInstance0(Native Method)
	at java.base/jdk.internal.reflect.NativeConstructorAccessorImpl.newInstance(NativeConstructorAccessorImpl.java:77)
	at java.base/jdk.internal.reflect.DelegatingConstructorAccessorImpl.newInstance(DelegatingConstructorAccessorImpl.java:45)
	at java.base/java.lang.reflect.Constructor.newInstanceWithCaller(Constructor.java:499)
	at java.base/java.lang.reflect.Constructor.newInstance(Constructor.java:480)
	at org.openqa.selenium.remote.ErrorCodec.decode(ErrorCodec.java:167)
	at org.openqa.selenium.remote.codec.w3c.W3CHttpResponseCodec.decode(W3CHttpResponseCodec.java:138)
	at org.openqa.selenium.remote.codec.w3c.W3CHttpResponseCodec.decode(W3CHttpResponseCodec.java:50)
	at org.openqa.selenium.remote.HttpCommandExecutor.execute(HttpCommandExecutor.java:190)
	at org.openqa.selenium.remote.service.DriverCommandExecutor.invokeExecute(DriverCommandExecutor.java:216)
	at org.openqa.selenium.remote.service.DriverCommandExecutor.execute(DriverCommandExecutor.java:174)
	at org.openqa.selenium.remote.RemoteWebDriver.execute(RemoteWebDriver.java:519)
	at org.openqa.selenium.remote.RemoteWebElement.execute(RemoteWebElement.java:223)
	at org.openqa.selenium.remote.RemoteWebElement.click(RemoteWebElement.java:76)
	at page_objects.BookshelvesPage.setStorageType(BookshelvesPage.java:53)
	at test_scenarios.BookshelvesTest.testStorageType(BookshelvesTest.java:34)
	at java.base/jdk.internal.reflect.NativeMethodAccessorImpl.invoke0(Native Method)
	at java.base/jdk.internal.reflect.NativeMethodAccessorImpl.invoke(NativeMethodAccessorImpl.java:77)
	at java.base/jdk.internal.reflect.DelegatingMethodAccessorImpl.invoke(DelegatingMethodAccessorImpl.java:43)
	at java.base/java.lang.reflect.Method.invoke(Method.java:568)
	at org.testng.internal.MethodInvocationHelper.invokeMethod(MethodInvocationHelper.java:133)
	at org.testng.internal.TestInvoker.invokeMethod(TestInvoker.java:598)
	at org.testng.internal.TestInvoker.invokeTestMethod(TestInvoker.java:173)
	at org.testng.internal.MethodRunner.runInSequence(MethodRunner.java:46)
	at org.testng.internal.TestInvoker$MethodInvocationAgent.invoke(TestInvoker.java:824)
	at org.testng.internal.TestInvoker.invokeTestMethods(TestInvoker.java:146)
	at org.testng.internal.TestMethodWorker.invokeTestMethods(TestMethodWorker.java:146)
	at org.testng.internal.TestMethodWorker.run(TestMethodWorker.java:128)
	at java.base/java.util.ArrayList.forEach(ArrayList.java:1511)
	at org.testng.TestRunner.privateRun(TestRunner.java:794)
	at org.testng.TestRunner.run(TestRunner.java:596)
	at org.testng.SuiteRunner.runTest(SuiteRunner.java:377)
	at org.testng.SuiteRunner.runSequentially(SuiteRunner.java:371)
	at org.testng.SuiteRunner.privateRun(SuiteRunner.java:332)
	at org.testng.SuiteRunner.run(SuiteRunner.java:276)
	at org.testng.SuiteRunnerWorker.runSuite(SuiteRunnerWorker.java:53)
	at org.testng.SuiteRunnerWorker.run(SuiteRunnerWorker.java:96)
	at org.testng.TestNG.runSuitesSequentially(TestNG.java:1212)
	at org.testng.TestNG.runSuitesLocally(TestNG.java:1134)
	at org.testng.TestNG.runSuites(TestNG.java:1063)
	at org.testng.TestNG.run(TestNG.java:1031)
	at org.testng.remote.AbstractRemoteTestNG.run(AbstractRemoteTestNG.java:115)
	at org.testng.remote.RemoteTestNG.initAndRun(RemoteTestNG.java:251)
	at org.testng.remote.RemoteTestNG.main(RemoteTestNG.java:77)
</pre></div></td>
<td>1</td>
<td>test_scenarios.BookshelvesTest@2ef3eef9</td></tr>
<tr>
<td title='test_scenarios.BookshelvesTest.testExcludeOutOfStock()'><b>testExcludeOutOfStock</b><br>Test class: test_scenarios.BookshelvesTest</td>
<td><div><pre>org.openqa.selenium.ElementClickInterceptedException: element click intercepted: Element &lt;label class=&quot;name &quot; for=&quot;filters_availability_In_Stock_Only&quot;&gt;...&lt;/label&gt; is not clickable at point (776, 11). Other element would receive the click: &lt;div class=&quot;center&quot; style=&quot;text-align: center; color: #000;&quot;&gt;...&lt;/div&gt;
  (Session info: chrome=120.0.6099.130)
Build info: version: &apos;4.18.0&apos;, revision: &apos;b6bf9de7cc*&apos;
System info: os.name: &apos;Windows 11&apos;, os.arch: &apos;amd64&apos;, os.version: &apos;10.0&apos;, java.version: &apos;17.0.2&apos;
Driver info: org.openqa.selenium.chrome.ChromeDriver
Command: [a7402fa9f7d975aa2fc15cd4e56de90a, clickElement {id=BB0F5B2E7DF1041165266EBEA1ABF51B_element_124}]
Capabilities {acceptInsecureCerts: false, browserName: chrome, browserVersion: 120.0.6099.130, chrome: {chromedriverVersion: 120.0.6099.109 (3419140ab66..., userDataDir: C:\Windows\SystemTemp\scope...}, fedcm:accounts: true, goog:chromeOptions: {debuggerAddress: localhost:59717}, networkConnectionEnabled: false, pageLoadStrategy: normal, platformName: windows, proxy: Proxy(), se:cdp: ws://localhost:59717/devtoo..., se:cdpVersion: 120.0.6099.130, setWindowRect: true, strictFileInteractability: false, timeouts: {implicit: 0, pageLoad: 300000, script: 30000}, unhandledPromptBehavior: dismiss and notify, webauthn:extension:credBlob: true, webauthn:extension:largeBlob: true, webauthn:extension:minPinLength: true, webauthn:extension:prf: true, webauthn:virtualAuthenticators: true}
Element: [[ChromeDriver: chrome on windows (a7402fa9f7d975aa2fc15cd4e56de90a)] -&gt; xpath: //label[contains(text(), &apos;Exclude Out Of Stock&apos;)]]
Session ID: a7402fa9f7d975aa2fc15cd4e56de90a
	at org.openqa.selenium.remote.ErrorCodec.decode(ErrorCodec.java:167)
	at org.openqa.selenium.remote.codec.w3c.W3CHttpResponseCodec.decode(W3CHttpResponseCodec.java:138)
	at org.openqa.selenium.remote.codec.w3c.W3CHttpResponseCodec.decode(W3CHttpResponseCodec.java:50)
	at org.openqa.selenium.remote.HttpCommandExecutor.execute(HttpCommandExecutor.java:190)
	at org.openqa.selenium.remote.service.DriverCommandExecutor.invokeExecute(DriverCommandExecutor.java:216)
	at org.openqa.selenium.remote.service.DriverCommandExecutor.execute(DriverCommandExecutor.java:174)
	at org.openqa.selenium.remote.RemoteWebDriver.execute(RemoteWebDriver.java:519)
	at org.openqa.selenium.remote.RemoteWebElement.execute(RemoteWebElement.java:223)
	at org.openqa.selenium.remote.RemoteWebElement.click(RemoteWebElement.java:76)
	at page_objects.BookshelvesPage.excludeOutOfStock(BookshelvesPage.java:61)
	at test_scenarios.BookshelvesTest.testExcludeOutOfStock(BookshelvesTest.java:41)
	at java.base/java.util.ArrayList.forEach(ArrayList.java:1511)
... Removed 32 stack frames</pre></div><a href='#' onClick='toggleBox("stack-trace113653660", this, "Click to show all stack frames", "Click to hide stack frames")'>Click to show all stack frames</a>
<div class='stack-trace' id='stack-trace113653660'><pre>org.openqa.selenium.ElementClickInterceptedException: element click intercepted: Element &lt;label class=&quot;name &quot; for=&quot;filters_availability_In_Stock_Only&quot;&gt;...&lt;/label&gt; is not clickable at point (776, 11). Other element would receive the click: &lt;div class=&quot;center&quot; style=&quot;text-align: center; color: #000;&quot;&gt;...&lt;/div&gt;
  (Session info: chrome=120.0.6099.130)
Build info: version: &apos;4.18.0&apos;, revision: &apos;b6bf9de7cc*&apos;
System info: os.name: &apos;Windows 11&apos;, os.arch: &apos;amd64&apos;, os.version: &apos;10.0&apos;, java.version: &apos;17.0.2&apos;
Driver info: org.openqa.selenium.chrome.ChromeDriver
Command: [a7402fa9f7d975aa2fc15cd4e56de90a, clickElement {id=BB0F5B2E7DF1041165266EBEA1ABF51B_element_124}]
Capabilities {acceptInsecureCerts: false, browserName: chrome, browserVersion: 120.0.6099.130, chrome: {chromedriverVersion: 120.0.6099.109 (3419140ab66..., userDataDir: C:\Windows\SystemTemp\scope...}, fedcm:accounts: true, goog:chromeOptions: {debuggerAddress: localhost:59717}, networkConnectionEnabled: false, pageLoadStrategy: normal, platformName: windows, proxy: Proxy(), se:cdp: ws://localhost:59717/devtoo..., se:cdpVersion: 120.0.6099.130, setWindowRect: true, strictFileInteractability: false, timeouts: {implicit: 0, pageLoad: 300000, script: 30000}, unhandledPromptBehavior: dismiss and notify, webauthn:extension:credBlob: true, webauthn:extension:largeBlob: true, webauthn:extension:minPinLength: true, webauthn:extension:prf: true, webauthn:virtualAuthenticators: true}
Element: [[ChromeDriver: chrome on windows (a7402fa9f7d975aa2fc15cd4e56de90a)] -&gt; xpath: //label[contains(text(), &apos;Exclude Out Of Stock&apos;)]]
Session ID: a7402fa9f7d975aa2fc15cd4e56de90a
	at java.base/jdk.internal.reflect.NativeConstructorAccessorImpl.newInstance0(Native Method)
	at java.base/jdk.internal.reflect.NativeConstructorAccessorImpl.newInstance(NativeConstructorAccessorImpl.java:77)
	at java.base/jdk.internal.reflect.DelegatingConstructorAccessorImpl.newInstance(DelegatingConstructorAccessorImpl.java:45)
	at java.base/java.lang.reflect.Constructor.newInstanceWithCaller(Constructor.java:499)
	at java.base/java.lang.reflect.Constructor.newInstance(Constructor.java:480)
	at org.openqa.selenium.remote.ErrorCodec.decode(ErrorCodec.java:167)
	at org.openqa.selenium.remote.codec.w3c.W3CHttpResponseCodec.decode(W3CHttpResponseCodec.java:138)
	at org.openqa.selenium.remote.codec.w3c.W3CHttpResponseCodec.decode(W3CHttpResponseCodec.java:50)
	at org.openqa.selenium.remote.HttpCommandExecutor.execute(HttpCommandExecutor.java:190)
	at org.openqa.selenium.remote.service.DriverCommandExecutor.invokeExecute(DriverCommandExecutor.java:216)
	at org.openqa.selenium.remote.service.DriverCommandExecutor.execute(DriverCommandExecutor.java:174)
	at org.openqa.selenium.remote.RemoteWebDriver.execute(RemoteWebDriver.java:519)
	at org.openqa.selenium.remote.RemoteWebElement.execute(RemoteWebElement.java:223)
	at org.openqa.selenium.remote.RemoteWebElement.click(RemoteWebElement.java:76)
	at page_objects.BookshelvesPage.excludeOutOfStock(BookshelvesPage.java:61)
	at test_scenarios.BookshelvesTest.testExcludeOutOfStock(BookshelvesTest.java:41)
	at java.base/jdk.internal.reflect.NativeMethodAccessorImpl.invoke0(Native Method)
	at java.base/jdk.internal.reflect.NativeMethodAccessorImpl.invoke(NativeMethodAccessorImpl.java:77)
	at java.base/jdk.internal.reflect.DelegatingMethodAccessorImpl.invoke(DelegatingMethodAccessorImpl.java:43)
	at java.base/java.lang.reflect.Method.invoke(Method.java:568)
	at org.testng.internal.MethodInvocationHelper.invokeMethod(MethodInvocationHelper.java:133)
	at org.testng.internal.TestInvoker.invokeMethod(TestInvoker.java:598)
	at org.testng.internal.TestInvoker.retryFailed(TestInvoker.java:213)
	at org.testng.internal.MethodRunner.runInSequence(MethodRunner.java:58)
	at org.testng.internal.TestInvoker$MethodInvocationAgent.invoke(TestInvoker.java:824)
	at org.testng.internal.TestInvoker.invokeTestMethods(TestInvoker.java:146)
	at org.testng.internal.TestMethodWorker.invokeTestMethods(TestMethodWorker.java:146)
	at org.testng.internal.TestMethodWorker.run(TestMethodWorker.java:128)
	at java.base/java.util.ArrayList.forEach(ArrayList.java:1511)
	at org.testng.TestRunner.privateRun(TestRunner.java:794)
	at org.testng.TestRunner.run(TestRunner.java:596)
	at org.testng.SuiteRunner.runTest(SuiteRunner.java:377)
	at org.testng.SuiteRunner.runSequentially(SuiteRunner.java:371)
	at org.testng.SuiteRunner.privateRun(SuiteRunner.java:332)
	at org.testng.SuiteRunner.run(SuiteRunner.java:276)
	at org.testng.SuiteRunnerWorker.runSuite(SuiteRunnerWorker.java:53)
	at org.testng.SuiteRunnerWorker.run(SuiteRunnerWorker.java:96)
	at org.testng.TestNG.runSuitesSequentially(TestNG.java:1212)
	at org.testng.TestNG.runSuitesLocally(TestNG.java:1134)
	at org.testng.TestNG.runSuites(TestNG.java:1063)
	at org.testng.TestNG.run(TestNG.java:1031)
	at org.testng.remote.AbstractRemoteTestNG.run(AbstractRemoteTestNG.java:115)
	at org.testng.remote.RemoteTestNG.initAndRun(RemoteTestNG.java:251)
	at org.testng.remote.RemoteTestNG.main(RemoteTestNG.java:77)
</pre></div></td>
<td>1</td>
<td>test_scenarios.BookshelvesTest@2ef3eef9</td></tr>
<tr>
<td title='test_scenarios.BookshelvesTest.testExcludeOutOfStock()'><b>testExcludeOutOfStock</b><br>Test class: test_scenarios.BookshelvesTest</td>
<td><div><pre>org.openqa.selenium.ElementClickInterceptedException: element click intercepted: Element &lt;label class=&quot;name &quot; for=&quot;filters_availability_In_Stock_Only&quot;&gt;...&lt;/label&gt; is not clickable at point (776, 11). Other element would receive the click: &lt;div class=&quot;center&quot; style=&quot;text-align: center; color: #000;&quot;&gt;...&lt;/div&gt;
  (Session info: chrome=120.0.6099.130)
Build info: version: &apos;4.18.0&apos;, revision: &apos;b6bf9de7cc*&apos;
System info: os.name: &apos;Windows 11&apos;, os.arch: &apos;amd64&apos;, os.version: &apos;10.0&apos;, java.version: &apos;17.0.2&apos;
Driver info: org.openqa.selenium.chrome.ChromeDriver
Command: [a7402fa9f7d975aa2fc15cd4e56de90a, clickElement {id=BB0F5B2E7DF1041165266EBEA1ABF51B_element_124}]
Capabilities {acceptInsecureCerts: false, browserName: chrome, browserVersion: 120.0.6099.130, chrome: {chromedriverVersion: 120.0.6099.109 (3419140ab66..., userDataDir: C:\Windows\SystemTemp\scope...}, fedcm:accounts: true, goog:chromeOptions: {debuggerAddress: localhost:59717}, networkConnectionEnabled: false, pageLoadStrategy: normal, platformName: windows, proxy: Proxy(), se:cdp: ws://localhost:59717/devtoo..., se:cdpVersion: 120.0.6099.130, setWindowRect: true, strictFileInteractability: false, timeouts: {implicit: 0, pageLoad: 300000, script: 30000}, unhandledPromptBehavior: dismiss and notify, webauthn:extension:credBlob: true, webauthn:extension:largeBlob: true, webauthn:extension:minPinLength: true, webauthn:extension:prf: true, webauthn:virtualAuthenticators: true}
Element: [[ChromeDriver: chrome on windows (a7402fa9f7d975aa2fc15cd4e56de90a)] -&gt; xpath: //label[contains(text(), &apos;Exclude Out Of Stock&apos;)]]
Session ID: a7402fa9f7d975aa2fc15cd4e56de90a
	at org.openqa.selenium.remote.ErrorCodec.decode(ErrorCodec.java:167)
	at org.openqa.selenium.remote.codec.w3c.W3CHttpResponseCodec.decode(W3CHttpResponseCodec.java:138)
	at org.openqa.selenium.remote.codec.w3c.W3CHttpResponseCodec.decode(W3CHttpResponseCodec.java:50)
	at org.openqa.selenium.remote.HttpCommandExecutor.execute(HttpCommandExecutor.java:190)
	at org.openqa.selenium.remote.service.DriverCommandExecutor.invokeExecute(DriverCommandExecutor.java:216)
	at org.openqa.selenium.remote.service.DriverCommandExecutor.execute(DriverCommandExecutor.java:174)
	at org.openqa.selenium.remote.RemoteWebDriver.execute(RemoteWebDriver.java:519)
	at org.openqa.selenium.remote.RemoteWebElement.execute(RemoteWebElement.java:223)
	at org.openqa.selenium.remote.RemoteWebElement.click(RemoteWebElement.java:76)
	at page_objects.BookshelvesPage.excludeOutOfStock(BookshelvesPage.java:61)
	at test_scenarios.BookshelvesTest.testExcludeOutOfStock(BookshelvesTest.java:41)
	at java.base/java.util.ArrayList.forEach(ArrayList.java:1511)
... Removed 32 stack frames</pre></div><a href='#' onClick='toggleBox("stack-trace1320566216", this, "Click to show all stack frames", "Click to hide stack frames")'>Click to show all stack frames</a>
<div class='stack-trace' id='stack-trace1320566216'><pre>org.openqa.selenium.ElementClickInterceptedException: element click intercepted: Element &lt;label class=&quot;name &quot; for=&quot;filters_availability_In_Stock_Only&quot;&gt;...&lt;/label&gt; is not clickable at point (776, 11). Other element would receive the click: &lt;div class=&quot;center&quot; style=&quot;text-align: center; color: #000;&quot;&gt;...&lt;/div&gt;
  (Session info: chrome=120.0.6099.130)
Build info: version: &apos;4.18.0&apos;, revision: &apos;b6bf9de7cc*&apos;
System info: os.name: &apos;Windows 11&apos;, os.arch: &apos;amd64&apos;, os.version: &apos;10.0&apos;, java.version: &apos;17.0.2&apos;
Driver info: org.openqa.selenium.chrome.ChromeDriver
Command: [a7402fa9f7d975aa2fc15cd4e56de90a, clickElement {id=BB0F5B2E7DF1041165266EBEA1ABF51B_element_124}]
Capabilities {acceptInsecureCerts: false, browserName: chrome, browserVersion: 120.0.6099.130, chrome: {chromedriverVersion: 120.0.6099.109 (3419140ab66..., userDataDir: C:\Windows\SystemTemp\scope...}, fedcm:accounts: true, goog:chromeOptions: {debuggerAddress: localhost:59717}, networkConnectionEnabled: false, pageLoadStrategy: normal, platformName: windows, proxy: Proxy(), se:cdp: ws://localhost:59717/devtoo..., se:cdpVersion: 120.0.6099.130, setWindowRect: true, strictFileInteractability: false, timeouts: {implicit: 0, pageLoad: 300000, script: 30000}, unhandledPromptBehavior: dismiss and notify, webauthn:extension:credBlob: true, webauthn:extension:largeBlob: true, webauthn:extension:minPinLength: true, webauthn:extension:prf: true, webauthn:virtualAuthenticators: true}
Element: [[ChromeDriver: chrome on windows (a7402fa9f7d975aa2fc15cd4e56de90a)] -&gt; xpath: //label[contains(text(), &apos;Exclude Out Of Stock&apos;)]]
Session ID: a7402fa9f7d975aa2fc15cd4e56de90a
	at java.base/jdk.internal.reflect.NativeConstructorAccessorImpl.newInstance0(Native Method)
	at java.base/jdk.internal.reflect.NativeConstructorAccessorImpl.newInstance(NativeConstructorAccessorImpl.java:77)
	at java.base/jdk.internal.reflect.DelegatingConstructorAccessorImpl.newInstance(DelegatingConstructorAccessorImpl.java:45)
	at java.base/java.lang.reflect.Constructor.newInstanceWithCaller(Constructor.java:499)
	at java.base/java.lang.reflect.Constructor.newInstance(Constructor.java:480)
	at org.openqa.selenium.remote.ErrorCodec.decode(ErrorCodec.java:167)
	at org.openqa.selenium.remote.codec.w3c.W3CHttpResponseCodec.decode(W3CHttpResponseCodec.java:138)
	at org.openqa.selenium.remote.codec.w3c.W3CHttpResponseCodec.decode(W3CHttpResponseCodec.java:50)
	at org.openqa.selenium.remote.HttpCommandExecutor.execute(HttpCommandExecutor.java:190)
	at org.openqa.selenium.remote.service.DriverCommandExecutor.invokeExecute(DriverCommandExecutor.java:216)
	at org.openqa.selenium.remote.service.DriverCommandExecutor.execute(DriverCommandExecutor.java:174)
	at org.openqa.selenium.remote.RemoteWebDriver.execute(RemoteWebDriver.java:519)
	at org.openqa.selenium.remote.RemoteWebElement.execute(RemoteWebElement.java:223)
	at org.openqa.selenium.remote.RemoteWebElement.click(RemoteWebElement.java:76)
	at page_objects.BookshelvesPage.excludeOutOfStock(BookshelvesPage.java:61)
	at test_scenarios.BookshelvesTest.testExcludeOutOfStock(BookshelvesTest.java:41)
	at java.base/jdk.internal.reflect.NativeMethodAccessorImpl.invoke0(Native Method)
	at java.base/jdk.internal.reflect.NativeMethodAccessorImpl.invoke(NativeMethodAccessorImpl.java:77)
	at java.base/jdk.internal.reflect.DelegatingMethodAccessorImpl.invoke(DelegatingMethodAccessorImpl.java:43)
	at java.base/java.lang.reflect.Method.invoke(Method.java:568)
	at org.testng.internal.MethodInvocationHelper.invokeMethod(MethodInvocationHelper.java:133)
	at org.testng.internal.TestInvoker.invokeMethod(TestInvoker.java:598)
	at org.testng.internal.TestInvoker.invokeTestMethod(TestInvoker.java:173)
	at org.testng.internal.MethodRunner.runInSequence(MethodRunner.java:46)
	at org.testng.internal.TestInvoker$MethodInvocationAgent.invoke(TestInvoker.java:824)
	at org.testng.internal.TestInvoker.invokeTestMethods(TestInvoker.java:146)
	at org.testng.internal.TestMethodWorker.invokeTestMethods(TestMethodWorker.java:146)
	at org.testng.internal.TestMethodWorker.run(TestMethodWorker.java:128)
	at java.base/java.util.ArrayList.forEach(ArrayList.java:1511)
	at org.testng.TestRunner.privateRun(TestRunner.java:794)
	at org.testng.TestRunner.run(TestRunner.java:596)
	at org.testng.SuiteRunner.runTest(SuiteRunner.java:377)
	at org.testng.SuiteRunner.runSequentially(SuiteRunner.java:371)
	at org.testng.SuiteRunner.privateRun(SuiteRunner.java:332)
	at org.testng.SuiteRunner.run(SuiteRunner.java:276)
	at org.testng.SuiteRunnerWorker.runSuite(SuiteRunnerWorker.java:53)
	at org.testng.SuiteRunnerWorker.run(SuiteRunnerWorker.java:96)
	at org.testng.TestNG.runSuitesSequentially(TestNG.java:1212)
	at org.testng.TestNG.runSuitesLocally(TestNG.java:1134)
	at org.testng.TestNG.runSuites(TestNG.java:1063)
	at org.testng.TestNG.run(TestNG.java:1031)
	at org.testng.remote.AbstractRemoteTestNG.run(AbstractRemoteTestNG.java:115)
	at org.testng.remote.RemoteTestNG.initAndRun(RemoteTestNG.java:251)
	at org.testng.remote.RemoteTestNG.main(RemoteTestNG.java:77)
</pre></div></td>
<td>1</td>
<td>test_scenarios.BookshelvesTest@2ef3eef9</td></tr>
<tr>
<td title='test_scenarios.BookshelvesTest.testExcludeOutOfStock()'><b>testExcludeOutOfStock</b><br>Test class: test_scenarios.BookshelvesTest</td>
<td><div><pre>org.openqa.selenium.ElementClickInterceptedException: element click intercepted: Element &lt;label class=&quot;name &quot; for=&quot;filters_availability_In_Stock_Only&quot;&gt;...&lt;/label&gt; is not clickable at point (776, 11). Other element would receive the click: &lt;div class=&quot;center&quot; style=&quot;text-align: center; color: #000;&quot;&gt;...&lt;/div&gt;
  (Session info: chrome=120.0.6099.130)
Build info: version: &apos;4.18.0&apos;, revision: &apos;b6bf9de7cc*&apos;
System info: os.name: &apos;Windows 11&apos;, os.arch: &apos;amd64&apos;, os.version: &apos;10.0&apos;, java.version: &apos;17.0.2&apos;
Driver info: org.openqa.selenium.chrome.ChromeDriver
Command: [a7402fa9f7d975aa2fc15cd4e56de90a, clickElement {id=BB0F5B2E7DF1041165266EBEA1ABF51B_element_124}]
Capabilities {acceptInsecureCerts: false, browserName: chrome, browserVersion: 120.0.6099.130, chrome: {chromedriverVersion: 120.0.6099.109 (3419140ab66..., userDataDir: C:\Windows\SystemTemp\scope...}, fedcm:accounts: true, goog:chromeOptions: {debuggerAddress: localhost:59717}, networkConnectionEnabled: false, pageLoadStrategy: normal, platformName: windows, proxy: Proxy(), se:cdp: ws://localhost:59717/devtoo..., se:cdpVersion: 120.0.6099.130, setWindowRect: true, strictFileInteractability: false, timeouts: {implicit: 0, pageLoad: 300000, script: 30000}, unhandledPromptBehavior: dismiss and notify, webauthn:extension:credBlob: true, webauthn:extension:largeBlob: true, webauthn:extension:minPinLength: true, webauthn:extension:prf: true, webauthn:virtualAuthenticators: true}
Element: [[ChromeDriver: chrome on windows (a7402fa9f7d975aa2fc15cd4e56de90a)] -&gt; xpath: //label[contains(text(), &apos;Exclude Out Of Stock&apos;)]]
Session ID: a7402fa9f7d975aa2fc15cd4e56de90a
	at org.openqa.selenium.remote.ErrorCodec.decode(ErrorCodec.java:167)
	at org.openqa.selenium.remote.codec.w3c.W3CHttpResponseCodec.decode(W3CHttpResponseCodec.java:138)
	at org.openqa.selenium.remote.codec.w3c.W3CHttpResponseCodec.decode(W3CHttpResponseCodec.java:50)
	at org.openqa.selenium.remote.HttpCommandExecutor.execute(HttpCommandExecutor.java:190)
	at org.openqa.selenium.remote.service.DriverCommandExecutor.invokeExecute(DriverCommandExecutor.java:216)
	at org.openqa.selenium.remote.service.DriverCommandExecutor.execute(DriverCommandExecutor.java:174)
	at org.openqa.selenium.remote.RemoteWebDriver.execute(RemoteWebDriver.java:519)
	at org.openqa.selenium.remote.RemoteWebElement.execute(RemoteWebElement.java:223)
	at org.openqa.selenium.remote.RemoteWebElement.click(RemoteWebElement.java:76)
	at page_objects.BookshelvesPage.excludeOutOfStock(BookshelvesPage.java:61)
	at test_scenarios.BookshelvesTest.testExcludeOutOfStock(BookshelvesTest.java:41)
	at java.base/java.util.ArrayList.forEach(ArrayList.java:1511)
... Removed 32 stack frames</pre></div><a href='#' onClick='toggleBox("stack-trace391308380", this, "Click to show all stack frames", "Click to hide stack frames")'>Click to show all stack frames</a>
<div class='stack-trace' id='stack-trace391308380'><pre>org.openqa.selenium.ElementClickInterceptedException: element click intercepted: Element &lt;label class=&quot;name &quot; for=&quot;filters_availability_In_Stock_Only&quot;&gt;...&lt;/label&gt; is not clickable at point (776, 11). Other element would receive the click: &lt;div class=&quot;center&quot; style=&quot;text-align: center; color: #000;&quot;&gt;...&lt;/div&gt;
  (Session info: chrome=120.0.6099.130)
Build info: version: &apos;4.18.0&apos;, revision: &apos;b6bf9de7cc*&apos;
System info: os.name: &apos;Windows 11&apos;, os.arch: &apos;amd64&apos;, os.version: &apos;10.0&apos;, java.version: &apos;17.0.2&apos;
Driver info: org.openqa.selenium.chrome.ChromeDriver
Command: [a7402fa9f7d975aa2fc15cd4e56de90a, clickElement {id=BB0F5B2E7DF1041165266EBEA1ABF51B_element_124}]
Capabilities {acceptInsecureCerts: false, browserName: chrome, browserVersion: 120.0.6099.130, chrome: {chromedriverVersion: 120.0.6099.109 (3419140ab66..., userDataDir: C:\Windows\SystemTemp\scope...}, fedcm:accounts: true, goog:chromeOptions: {debuggerAddress: localhost:59717}, networkConnectionEnabled: false, pageLoadStrategy: normal, platformName: windows, proxy: Proxy(), se:cdp: ws://localhost:59717/devtoo..., se:cdpVersion: 120.0.6099.130, setWindowRect: true, strictFileInteractability: false, timeouts: {implicit: 0, pageLoad: 300000, script: 30000}, unhandledPromptBehavior: dismiss and notify, webauthn:extension:credBlob: true, webauthn:extension:largeBlob: true, webauthn:extension:minPinLength: true, webauthn:extension:prf: true, webauthn:virtualAuthenticators: true}
Element: [[ChromeDriver: chrome on windows (a7402fa9f7d975aa2fc15cd4e56de90a)] -&gt; xpath: //label[contains(text(), &apos;Exclude Out Of Stock&apos;)]]
Session ID: a7402fa9f7d975aa2fc15cd4e56de90a
	at java.base/jdk.internal.reflect.NativeConstructorAccessorImpl.newInstance0(Native Method)
	at java.base/jdk.internal.reflect.NativeConstructorAccessorImpl.newInstance(NativeConstructorAccessorImpl.java:77)
	at java.base/jdk.internal.reflect.DelegatingConstructorAccessorImpl.newInstance(DelegatingConstructorAccessorImpl.java:45)
	at java.base/java.lang.reflect.Constructor.newInstanceWithCaller(Constructor.java:499)
	at java.base/java.lang.reflect.Constructor.newInstance(Constructor.java:480)
	at org.openqa.selenium.remote.ErrorCodec.decode(ErrorCodec.java:167)
	at org.openqa.selenium.remote.codec.w3c.W3CHttpResponseCodec.decode(W3CHttpResponseCodec.java:138)
	at org.openqa.selenium.remote.codec.w3c.W3CHttpResponseCodec.decode(W3CHttpResponseCodec.java:50)
	at org.openqa.selenium.remote.HttpCommandExecutor.execute(HttpCommandExecutor.java:190)
	at org.openqa.selenium.remote.service.DriverCommandExecutor.invokeExecute(DriverCommandExecutor.java:216)
	at org.openqa.selenium.remote.service.DriverCommandExecutor.execute(DriverCommandExecutor.java:174)
	at org.openqa.selenium.remote.RemoteWebDriver.execute(RemoteWebDriver.java:519)
	at org.openqa.selenium.remote.RemoteWebElement.execute(RemoteWebElement.java:223)
	at org.openqa.selenium.remote.RemoteWebElement.click(RemoteWebElement.java:76)
	at page_objects.BookshelvesPage.excludeOutOfStock(BookshelvesPage.java:61)
	at test_scenarios.BookshelvesTest.testExcludeOutOfStock(BookshelvesTest.java:41)
	at java.base/jdk.internal.reflect.NativeMethodAccessorImpl.invoke0(Native Method)
	at java.base/jdk.internal.reflect.NativeMethodAccessorImpl.invoke(NativeMethodAccessorImpl.java:77)
	at java.base/jdk.internal.reflect.DelegatingMethodAccessorImpl.invoke(DelegatingMethodAccessorImpl.java:43)
	at java.base/java.lang.reflect.Method.invoke(Method.java:568)
	at org.testng.internal.MethodInvocationHelper.invokeMethod(MethodInvocationHelper.java:133)
	at org.testng.internal.TestInvoker.invokeMethod(TestInvoker.java:598)
	at org.testng.internal.TestInvoker.retryFailed(TestInvoker.java:213)
	at org.testng.internal.MethodRunner.runInSequence(MethodRunner.java:58)
	at org.testng.internal.TestInvoker$MethodInvocationAgent.invoke(TestInvoker.java:824)
	at org.testng.internal.TestInvoker.invokeTestMethods(TestInvoker.java:146)
	at org.testng.internal.TestMethodWorker.invokeTestMethods(TestMethodWorker.java:146)
	at org.testng.internal.TestMethodWorker.run(TestMethodWorker.java:128)
	at java.base/java.util.ArrayList.forEach(ArrayList.java:1511)
	at org.testng.TestRunner.privateRun(TestRunner.java:794)
	at org.testng.TestRunner.run(TestRunner.java:596)
	at org.testng.SuiteRunner.runTest(SuiteRunner.java:377)
	at org.testng.SuiteRunner.runSequentially(SuiteRunner.java:371)
	at org.testng.SuiteRunner.privateRun(SuiteRunner.java:332)
	at org.testng.SuiteRunner.run(SuiteRunner.java:276)
	at org.testng.SuiteRunnerWorker.runSuite(SuiteRunnerWorker.java:53)
	at org.testng.SuiteRunnerWorker.run(SuiteRunnerWorker.java:96)
	at org.testng.TestNG.runSuitesSequentially(TestNG.java:1212)
	at org.testng.TestNG.runSuitesLocally(TestNG.java:1134)
	at org.testng.TestNG.runSuites(TestNG.java:1063)
	at org.testng.TestNG.run(TestNG.java:1031)
	at org.testng.remote.AbstractRemoteTestNG.run(AbstractRemoteTestNG.java:115)
	at org.testng.remote.RemoteTestNG.initAndRun(RemoteTestNG.java:251)
	at org.testng.remote.RemoteTestNG.main(RemoteTestNG.java:77)
</pre></div></td>
<td>1</td>
<td>test_scenarios.BookshelvesTest@2ef3eef9</td></tr>
</table><p>
</body>
</html>