<?xml version="1.0" encoding="UTF-8"?>
<!-- Generated by org.testng.reporters.JUnitXMLReporter -->
<testsuite ignored="0" hostname="LTIN198528" failures="5" tests="43" name="Test" time="134.73" errors="0" timestamp="2024-02-28T12:22:22 IST">
  <testcase classname="test_scenarios.GiftCardTests" name="negativeAmountTest" time="0.371"/>
  <testcase classname="test_scenarios.GiftCardTests" name="negativeButtonAmountTest" time="0.032"/>
  <testcase classname="test_scenarios.GiftCardTests" name="negativeDateTest" time="0.484"/>
  <testcase classname="test_scenarios.GiftCardTests" name="negativeDateTest" time="0.18"/>
  <testcase classname="test_scenarios.GiftCardTests" name="positiveAmounTest" time="0.333"/>
  <testcase classname="test_scenarios.GiftCardTests" name="positiveAmounTest" time="0.388"/>
  <testcase classname="test_scenarios.GiftCardTests" name="positiveAmounTest" time="0.38"/>
  <testcase classname="test_scenarios.GiftCardTests" name="positiveAmounTest" time="0.279"/>
  <testcase classname="test_scenarios.GiftCardTests" name="positiveButtonAmountTest" time="0.232"/>
  <testcase classname="test_scenarios.GiftCardTests" name="positiveButtonAmountTest" time="0.159"/>
  <testcase classname="test_scenarios.GiftCardTests" name="positiveButtonAmountTest" time="0.162"/>
  <testcase classname="test_scenarios.GiftCardTests" name="positiveDateTest" time="0.481"/>
  <testcase classname="test_scenarios.GiftCardTests" name="positiveDateTest" time="0.502"/>
  <testcase classname="test_scenarios.GiftCardTests" name="positiveDateTest" time="0.655"/>
  <testcase classname="test_scenarios.GiftCardTests" name="positiveDateTest" time="0.429"/>
  <testcase classname="test_scenarios.GiftCardTests" name="positiveZipCodeTest" time="2.277"/>
  <testcase classname="test_scenarios.GiftCardTests" name="positiveZipCodeTest" time="2.296"/>
  <testcase classname="test_scenarios.GiftCardTests" name="positiveZipCodeTest" time="2.235"/>
  <testcase classname="test_scenarios.GiftCardTests" name="positiveZipCodeTest" time="2.385"/>
  <testcase classname="test_scenarios.GiftCardTests" name="positiveZipCodeTest" time="2.316"/>
  <testcase classname="test_scenarios.GiftCardTests" name="negativeCustomerAndRecipientTest" time="2.044"/>
  <testcase classname="test_scenarios.GiftCardTests" name="negativeCustomerAndRecipientTest" time="2.105"/>
  <testcase classname="test_scenarios.GiftCardTests" name="negativeCustomerAndRecipientTest" time="2.065"/>
  <testcase classname="test_scenarios.GiftCardTests" name="negativeCustomerAndRecipientTest" time="2.22"/>
  <testcase classname="test_scenarios.GiftCardTests" name="negativeCustomerAndRecipientTest" time="2.001">
    <failure type="java.lang.AssertionError" message="customer should not be able to fill in a number as a name and customer should be able to order a gift card with valid details expected [false] but found [true]">
      <![CDATA[java.lang.AssertionError: customer should not be able to fill in a number as a name and customer should be able to order a gift card with valid details expected [false] but found [true]
at test_scenarios.GiftCardTests.negativeCustomerAndRecipientTest(GiftCardTests.java:377)
at java.base/java.util.ArrayList.forEach(ArrayList.java:1511)
... Removed 30 stack frames]]>
    </failure>
  </testcase> <!-- negativeCustomerAndRecipientTest -->
  <testcase classname="test_scenarios.GiftCardTests" name="negativeCustomerAndRecipientTest" time="2.111">
    <failure type="java.lang.AssertionError" message="customer should only be able to fill valid emails of type john.doe@example.com and customer should be able to order a gift card with valid details expected [false] but found [true]">
      <![CDATA[java.lang.AssertionError: customer should only be able to fill valid emails of type john.doe@example.com and customer should be able to order a gift card with valid details expected [false] but found [true]
at test_scenarios.GiftCardTests.negativeCustomerAndRecipientTest(GiftCardTests.java:377)
at java.base/java.util.ArrayList.forEach(ArrayList.java:1511)
... Removed 30 stack frames]]>
    </failure>
  </testcase> <!-- negativeCustomerAndRecipientTest -->
  <testcase classname="test_scenarios.GiftCardTests" name="negativeCustomerAndRecipientTest" time="1.924"/>
  <testcase classname="test_scenarios.GiftCardTests" name="negativeCustomerAndRecipientTest" time="2.089"/>
  <testcase classname="test_scenarios.GiftCardTests" name="negativeCustomerAndRecipientTest" time="2.81"/>
  <testcase classname="test_scenarios.GiftCardTests" name="positiveCustomerAndRecipientTest" time="2.411"/>
  <testcase classname="test_scenarios.GiftCardTests" name="positiveCustomerAndRecipientTest" time="2.183"/>
  <testcase classname="test_scenarios.GiftCardTests" name="positiveCustomerAndRecipientTest" time="2.751">
    <failure type="java.lang.AssertionError" message="customer should be able to order a gift card with valid details and somewhere, over the rainbows expected [true] but found [false]">
      <![CDATA[java.lang.AssertionError: customer should be able to order a gift card with valid details and somewhere, over the rainbows expected [true] but found [false]
at test_scenarios.GiftCardTests.positiveCustomerAndRecipientTest(GiftCardTests.java:317)
at java.base/java.util.ArrayList.forEach(ArrayList.java:1511)
... Removed 30 stack frames]]>
    </failure>
  </testcase> <!-- positiveCustomerAndRecipientTest -->
  <testcase classname="test_scenarios.GiftCardTests" name="positiveCustomerAndRecipientTest" time="2.439">
    <failure type="java.lang.AssertionError" message="customer should be able to order a gift card with valid details and somewhere, over the rainbows expected [true] but found [false]">
      <![CDATA[java.lang.AssertionError: customer should be able to order a gift card with valid details and somewhere, over the rainbows expected [true] but found [false]
at test_scenarios.GiftCardTests.positiveCustomerAndRecipientTest(GiftCardTests.java:317)
at java.base/java.util.ArrayList.forEach(ArrayList.java:1511)
... Removed 30 stack frames]]>
    </failure>
  </testcase> <!-- positiveCustomerAndRecipientTest -->
  <testcase classname="test_scenarios.HomePageTest" name="subMenuCount" time="8.553"/>
  <testcase classname="test_scenarios.HomePageTest" name="subMenuItemEmpty" time="0.0"/>
  <testcase classname="test_scenarios.BookshelvesTest" name="testPriceRange" time="2.551"/>
  <testcase classname="test_scenarios.BookshelvesTest" name="testStorageType" time="1.312">
    <skipped/>
  </testcase> <!-- testStorageType -->
  <testcase classname="test_scenarios.BookshelvesTest" name="testStorageType" time="2.382"/>
  <testcase classname="test_scenarios.BookshelvesTest" name="testExcludeOutOfStock" time="1.241">
    <skipped/>
  </testcase> <!-- testExcludeOutOfStock -->
  <testcase classname="test_scenarios.BookshelvesTest" name="testExcludeOutOfStock" time="1.126">
    <skipped/>
  </testcase> <!-- testExcludeOutOfStock -->
  <testcase classname="test_scenarios.BookshelvesTest" name="testExcludeOutOfStock" time="1.113">
    <skipped/>
  </testcase> <!-- testExcludeOutOfStock -->
  <testcase classname="test_scenarios.BookshelvesTest" name="testExcludeOutOfStock" time="1.113">
    <skipped/>
  </testcase> <!-- testExcludeOutOfStock -->
  <testcase classname="test_scenarios.BookshelvesTest" name="testExcludeOutOfStock" time="1.136">
    <failure type="org.openqa.selenium.ElementClickInterceptedException" message="element click intercepted: Element &amp;lt;label class=&amp;quot;name &amp;quot; for=&amp;quot;filters_availability_In_Stock_Only&amp;quot;&amp;gt;...&amp;lt;/label&amp;gt; is not clickable at point (776, 11). Other element would receive the click: &amp;lt;div class=&amp;quot;center&amp;quot; style=&amp;quot;text-align: center; color: #000;&amp;quot;&amp;gt;...&amp;lt;/div&amp;gt;
  (Session info: chrome=120.0.6099.130)
Build info: version: &amp;apos;4.18.0&amp;apos;, revision: &amp;apos;b6bf9de7cc*&amp;apos;
System info: os.name: &amp;apos;Windows 11&amp;apos;, os.arch: &amp;apos;amd64&amp;apos;, os.version: &amp;apos;10.0&amp;apos;, java.version: &amp;apos;17.0.2&amp;apos;
Driver info: org.openqa.selenium.chrome.ChromeDriver
Command: [a7402fa9f7d975aa2fc15cd4e56de90a, clickElement {id=BB0F5B2E7DF1041165266EBEA1ABF51B_element_124}]
Capabilities {acceptInsecureCerts: false, browserName: chrome, browserVersion: 120.0.6099.130, chrome: {chromedriverVersion: 120.0.6099.109 (3419140ab66..., userDataDir: C:\Windows\SystemTemp\scope...}, fedcm:accounts: true, goog:chromeOptions: {debuggerAddress: localhost:59717}, networkConnectionEnabled: false, pageLoadStrategy: normal, platformName: windows, proxy: Proxy(), se:cdp: ws://localhost:59717/devtoo..., se:cdpVersion: 120.0.6099.130, setWindowRect: true, strictFileInteractability: false, timeouts: {implicit: 0, pageLoad: 300000, script: 30000}, unhandledPromptBehavior: dismiss and notify, webauthn:extension:credBlob: true, webauthn:extension:largeBlob: true, webauthn:extension:minPinLength: true, webauthn:extension:prf: true, webauthn:virtualAuthenticators: true}
Element: [[ChromeDriver: chrome on windows (a7402fa9f7d975aa2fc15cd4e56de90a)] -&amp;gt; xpath: //label[contains(text(), &amp;apos;Exclude Out Of Stock&amp;apos;)]]
Session ID: a7402fa9f7d975aa2fc15cd4e56de90a">
      <![CDATA[org.openqa.selenium.ElementClickInterceptedException: element click intercepted: Element <label class="name " for="filters_availability_In_Stock_Only">...</label> is not clickable at point (776, 11). Other element would receive the click: <div class="center" style="text-align: center; color: #000;">...</div>
  (Session info: chrome=120.0.6099.130)
Build info: version: '4.18.0', revision: 'b6bf9de7cc*'
System info: os.name: 'Windows 11', os.arch: 'amd64', os.version: '10.0', java.version: '17.0.2'
Driver info: org.openqa.selenium.chrome.ChromeDriver
Command: [a7402fa9f7d975aa2fc15cd4e56de90a, clickElement {id=BB0F5B2E7DF1041165266EBEA1ABF51B_element_124}]
Capabilities {acceptInsecureCerts: false, browserName: chrome, browserVersion: 120.0.6099.130, chrome: {chromedriverVersion: 120.0.6099.109 (3419140ab66..., userDataDir: C:\Windows\SystemTemp\scope...}, fedcm:accounts: true, goog:chromeOptions: {debuggerAddress: localhost:59717}, networkConnectionEnabled: false, pageLoadStrategy: normal, platformName: windows, proxy: Proxy(), se:cdp: ws://localhost:59717/devtoo..., se:cdpVersion: 120.0.6099.130, setWindowRect: true, strictFileInteractability: false, timeouts: {implicit: 0, pageLoad: 300000, script: 30000}, unhandledPromptBehavior: dismiss and notify, webauthn:extension:credBlob: true, webauthn:extension:largeBlob: true, webauthn:extension:minPinLength: true, webauthn:extension:prf: true, webauthn:virtualAuthenticators: true}
Element: [[ChromeDriver: chrome on windows (a7402fa9f7d975aa2fc15cd4e56de90a)] -> xpath: //label[contains(text(), 'Exclude Out Of Stock')]]
Session ID: a7402fa9f7d975aa2fc15cd4e56de90a
at org.openqa.selenium.remote.ErrorCodec.decode(ErrorCodec.java:167)
at org.openqa.selenium.remote.codec.w3c.W3CHttpResponseCodec.decode(W3CHttpResponseCodec.java:138)
at org.openqa.selenium.remote.codec.w3c.W3CHttpResponseCodec.decode(W3CHttpResponseCodec.java:50)
at org.openqa.selenium.remote.HttpCommandExecutor.execute(HttpCommandExecutor.java:190)
at org.openqa.selenium.remote.service.DriverCommandExecutor.invokeExecute(DriverCommandExecutor.java:216)
at org.openqa.selenium.remote.service.DriverCommandExecutor.execute(DriverCommandExecutor.java:174)
at org.openqa.selenium.remote.RemoteWebDriver.execute(RemoteWebDriver.java:519)
at org.openqa.selenium.remote.RemoteWebElement.execute(RemoteWebElement.java:223)
at org.openqa.selenium.remote.RemoteWebElement.click(RemoteWebElement.java:76)
at page_objects.BookshelvesPage.excludeOutOfStock(BookshelvesPage.java:61)
at test_scenarios.BookshelvesTest.testExcludeOutOfStock(BookshelvesTest.java:41)
at java.base/java.util.ArrayList.forEach(ArrayList.java:1511)
... Removed 32 stack frames]]>
    </failure>
  </testcase> <!-- testExcludeOutOfStock -->
</testsuite> <!-- Test -->
